#
# There is insufficient memory for the Java Runtime Environment to continue.
# Native memory allocation (mmap) failed to map 141557760 bytes for G1 virtual space
# Possible reasons:
#   The system is out of physical RAM or swap space
#   The process is running with CompressedOops enabled, and the Java Heap may be blocking the growth of the native heap
# Possible solutions:
#   Reduce memory load on the system
#   Increase physical memory or swap space
#   Check if swap backing store is full
#   Decrease Java heap size (-Xmx/-Xms)
#   Decrease number of Java threads
#   Decrease Java thread stack sizes (-Xss)
#   Set larger code cache with -XX:ReservedCodeCacheSize=
#   JVM is running with Unscaled Compressed Oops mode in which the Java heap is
#     placed in the first 4GB address space. The Java Heap base address is the
#     maximum limit for the native heap growth. Please use -XX:HeapBaseMinAddress
#     to set the Java Heap base and to place the Java Heap above 4GB virtual address.
# This output file may be truncated or incomplete.
#
#  Out of Memory Error (os_windows.cpp:3548), pid=17976, tid=22216
#
# JRE version: Java(TM) SE Runtime Environment (17.0.12+8) (build 17.0.12+8-LTS-286)
# Java VM: Java HotSpot(TM) 64-Bit Server VM (17.0.12+8-LTS-286, mixed mode, sharing, tiered, compressed oops, compressed class ptrs, g1 gc, windows-amd64)
# No core dump will be written. Minidumps are not enabled by default on client versions of Windows
#

---------------  S U M M A R Y ------------

Command Line: --add-opens=java.base/java.lang=ALL-UNNAMED --add-opens=java.base/java.lang.invoke=ALL-UNNAMED --add-opens=java.base/java.util=ALL-UNNAMED --add-opens=java.prefs/java.util.prefs=ALL-UNNAMED --add-exports=jdk.compiler/com.sun.tools.javac.api=ALL-UNNAMED --add-exports=jdk.compiler/com.sun.tools.javac.util=ALL-UNNAMED --add-opens=java.base/java.util=ALL-UNNAMED --add-opens=java.prefs/java.util.prefs=ALL-UNNAMED --add-opens=java.base/java.nio.charset=ALL-UNNAMED --add-opens=java.base/java.net=ALL-UNNAMED --add-opens=java.base/java.util.concurrent.atomic=ALL-UNNAMED --add-opens=java.xml/javax.xml.namespace=ALL-UNNAMED -Xmx2048m -Dfile.encoding=UTF-8 -Duser.country=MX -Duser.language=es -Duser.variant -javaagent:C:\Users\Oscar Vaquero Santos\.gradle\wrapper\dists\gradle-8.11.1-bin\bpt9gzteqjrbo1mjrsomdt32c\gradle-8.11.1\lib\agents\gradle-instrumentation-agent-8.11.1.jar org.gradle.launcher.daemon.bootstrap.GradleDaemon 8.11.1

Host: AMD Ryzen 5 7520U with Radeon Graphics         , 8 cores, 5G,  Windows 11 , 64 bit Build 26100 (10.0.26100.6725)
Time: Thu Nov  6 18:10:48 2025 Hora estándar central (México) elapsed time: 47.926855 seconds (0d 0h 0m 47s)

---------------  T H R E A D  ---------------

Current thread (0x000002323f2666c0):  VMThread "VM Thread" [stack: 0x000000419b000000,0x000000419b100000] [id=22216]

Stack: [0x000000419b000000,0x000000419b100000]
Native frames: (J=compiled Java code, j=interpreted, Vv=VM code, C=native code)
V  [jvm.dll+0x67a04a]
V  [jvm.dll+0x7da4ed]
V  [jvm.dll+0x7dbe33]
V  [jvm.dll+0x7dc4a3]
V  [jvm.dll+0x24508f]
V  [jvm.dll+0x677089]
V  [jvm.dll+0x66bd32]
V  [jvm.dll+0x301fa6]
V  [jvm.dll+0x309546]
V  [jvm.dll+0x359d2e]
V  [jvm.dll+0x359f5f]
V  [jvm.dll+0x2d9078]
V  [jvm.dll+0x2dc0e6]
V  [jvm.dll+0x2e67eb]
V  [jvm.dll+0x31a870]
V  [jvm.dll+0x7e0d9b]
V  [jvm.dll+0x7e1ad4]
V  [jvm.dll+0x7e1fed]
V  [jvm.dll+0x7e23c4]
V  [jvm.dll+0x7e2490]
V  [jvm.dll+0x78abea]
V  [jvm.dll+0x678f35]
C  [ucrtbase.dll+0x37b0]
C  [KERNEL32.DLL+0x2e8d7]
C  [ntdll.dll+0x8c53c]

VM_Operation (0x000000419acff8d0): G1Concurrent, mode: safepoint, requested by thread 0x00000232210f7b40


---------------  P R O C E S S  ---------------

Threads class SMR info:
_java_thread_list=0x000002329785bb30, length=86, elements={
0x00000232210884c0, 0x000002323f26dd20, 0x000002323f26e7f0, 0x000002323f27e8b0,
0x000002323f281190, 0x000002323f281a60, 0x000002323f282330, 0x000002323f284ff0,
0x000002323f2869c0, 0x000002323f2872d0, 0x000002323f257570, 0x000002323f5de260,
0x000002328621c110, 0x000002328621d040, 0x000002328621df70, 0x000002328621e480,
0x000002328621acd0, 0x000002328621b6f0, 0x0000023286999ec0, 0x00000232869994a0,
0x0000023286998570, 0x000002328699a8e0, 0x00000232869999b0, 0x000002328938d8f0,
0x00000232981d7fc0, 0x00000232981d84d0, 0x000002328938bfa0, 0x000002328938c9c0,
0x000002328938e820, 0x000002328938ced0, 0x000002328938b070, 0x000002328938ed30,
0x000002328938ba90, 0x000002328938d3e0, 0x0000023289391fd0, 0x00000232981d75a0,
0x00000232981d4810, 0x00000232981d4d20, 0x00000232981d89e0, 0x00000232981dad50,
0x00000232981d8ef0, 0x00000232981d9400, 0x00000232981d9910, 0x00000232981da330,
0x00000232981d9e20, 0x00000232981da840, 0x000002328699a3d0, 0x000002328699adf0,
0x000002328699e090, 0x000002328699b300, 0x000002328699bd20, 0x000002328699f4d0,
0x00000232981196b0, 0x000002329811aaf0, 0x000002329811b510, 0x000002329811a0d0,
0x000002329811ba20, 0x00000232981191a0, 0x0000023298118780, 0x000002329811c440,
0x000002329811bf30, 0x000002329811ecc0, 0x000002329811e7b0, 0x000002329811dd90,
0x000002329811f1d0, 0x000002329811f6e0, 0x000002329811c950, 0x000002329811fbf0,
0x000002329811ce60, 0x000002329811d880, 0x000002329811e2a0, 0x0000023298cd1cf0,
0x0000023298cd2200, 0x0000023298cd2710, 0x0000023298cd2c20, 0x0000023298cd03a0,
0x0000023298cd3130, 0x0000023298cd3640, 0x0000023298cd0dc0, 0x0000023298ccfe90,
0x0000023298cd12d0, 0x0000023298cd17e0, 0x000002329e42f5d0, 0x000002329e430500,
0x000002329e430a10, 0x0000023298724000
}

Java Threads: ( => current thread )
  0x00000232210884c0 JavaThread "main" [_thread_blocked, id=21784, stack(0x000000419aa00000,0x000000419ab00000)]
  0x000002323f26dd20 JavaThread "Reference Handler" daemon [_thread_blocked, id=21656, stack(0x000000419b100000,0x000000419b200000)]
  0x000002323f26e7f0 JavaThread "Finalizer" daemon [_thread_blocked, id=17592, stack(0x000000419b200000,0x000000419b300000)]
  0x000002323f27e8b0 JavaThread "Signal Dispatcher" daemon [_thread_blocked, id=17644, stack(0x000000419b300000,0x000000419b400000)]
  0x000002323f281190 JavaThread "Attach Listener" daemon [_thread_blocked, id=22324, stack(0x000000419b400000,0x000000419b500000)]
  0x000002323f281a60 JavaThread "Service Thread" daemon [_thread_blocked, id=22448, stack(0x000000419b500000,0x000000419b600000)]
  0x000002323f282330 JavaThread "Monitor Deflation Thread" daemon [_thread_blocked, id=10300, stack(0x000000419b600000,0x000000419b700000)]
  0x000002323f284ff0 JavaThread "C2 CompilerThread0" daemon [_thread_blocked, id=10752, stack(0x000000419b700000,0x000000419b800000)]
  0x000002323f2869c0 JavaThread "C1 CompilerThread0" daemon [_thread_blocked, id=11380, stack(0x000000419b800000,0x000000419b900000)]
  0x000002323f2872d0 JavaThread "Sweeper thread" daemon [_thread_blocked, id=14860, stack(0x000000419b900000,0x000000419ba00000)]
  0x000002323f257570 JavaThread "Common-Cleaner" daemon [_thread_blocked, id=548, stack(0x000000419ba00000,0x000000419bb00000)]
  0x000002323f5de260 JavaThread "Notification Thread" daemon [_thread_blocked, id=16680, stack(0x000000419bb00000,0x000000419bc00000)]
  0x000002328621c110 JavaThread "Daemon health stats" [_thread_blocked, id=15848, stack(0x000000419c100000,0x000000419c200000)]
  0x000002328621d040 JavaThread "Incoming local TCP Connector on port 59382" [_thread_in_native, id=13940, stack(0x000000419c200000,0x000000419c300000)]
  0x000002328621df70 JavaThread "Daemon periodic checks" [_thread_blocked, id=17120, stack(0x000000419c300000,0x000000419c400000)]
  0x000002328621e480 JavaThread "Daemon" [_thread_blocked, id=9744, stack(0x000000419c400000,0x000000419c500000)]
  0x000002328621acd0 JavaThread "Daemon worker" [_thread_blocked, id=5500, stack(0x000000419c700000,0x000000419c800000)]
  0x000002328621b6f0 JavaThread "Cache worker for journal cache (C:\Users\Oscar Vaquero Santos\.gradle\caches\journal-1)" [_thread_blocked, id=16892, stack(0x000000419ce00000,0x000000419cf00000)]
  0x0000023286999ec0 JavaThread "File lock request listener" [_thread_in_native, id=22464, stack(0x000000419cf00000,0x000000419d000000)]
  0x00000232869994a0 JavaThread "Cache worker for file hash cache (C:\Users\Oscar Vaquero Santos\.gradle\caches\8.11.1\fileHashes)" [_thread_blocked, id=16184, stack(0x000000419d000000,0x000000419d100000)]
  0x0000023286998570 JavaThread "Cache worker for file content cache (C:\Users\Oscar Vaquero Santos\.gradle\caches\8.11.1\fileContent)" [_thread_blocked, id=5792, stack(0x000000419d100000,0x000000419d200000)]
  0x000002328699a8e0 JavaThread "File watcher server" daemon [_thread_blocked, id=19852, stack(0x000000419d500000,0x000000419d600000)]
  0x00000232869999b0 JavaThread "File watcher consumer" daemon [_thread_blocked, id=22344, stack(0x000000419d600000,0x000000419d700000)]
  0x000002328938d8f0 JavaThread "Memory manager" [_thread_blocked, id=21052, stack(0x000000419f600000,0x000000419f700000)]
  0x00000232981d7fc0 JavaThread "pool-3-thread-1" [_thread_blocked, id=7548, stack(0x000000419f800000,0x000000419f900000)]
  0x00000232981d84d0 JavaThread "included builds" [_thread_blocked, id=13208, stack(0x000000419fa00000,0x000000419fb00000)]
  0x000002328938bfa0 JavaThread "VFS cleanup" [_thread_blocked, id=5520, stack(0x000000419c800000,0x000000419c900000)]
  0x000002328938c9c0 JavaThread "Handler for socket connection from /127.0.0.1:59382 to /127.0.0.1:50882" [_thread_in_native, id=5504, stack(0x000000419c900000,0x000000419ca00000)]
  0x000002328938e820 JavaThread "Cancel handler" [_thread_blocked, id=11636, stack(0x000000419ca00000,0x000000419cb00000)]
  0x000002328938ced0 JavaThread "Asynchronous log dispatcher for DefaultDaemonConnection: socket connection from /127.0.0.1:59382 to /127.0.0.1:50882" [_thread_blocked, id=21968, stack(0x000000419d200000,0x000000419d300000)]
  0x000002328938b070 JavaThread "Stdin handler" [_thread_blocked, id=17604, stack(0x000000419d300000,0x000000419d400000)]
  0x000002328938ed30 JavaThread "Daemon client event forwarder" [_thread_blocked, id=20028, stack(0x000000419d700000,0x000000419d800000)]
  0x000002328938ba90 JavaThread "Cache worker for file hash cache (C:\Users\Oscar Vaquero Santos\AndroidStudioProjects\xolotl\.gradle\8.11.1\fileHashes)" [_thread_blocked, id=20484, stack(0x000000419d800000,0x000000419d900000)]
  0x000002328938d3e0 JavaThread "Cache worker for Build Output Cleanup Cache (C:\Users\Oscar Vaquero Santos\AndroidStudioProjects\xolotl\.gradle\buildOutputCleanup)" [_thread_blocked, id=20120, stack(0x000000419d900000,0x000000419da00000)]
  0x0000023289391fd0 JavaThread "Cache worker for checksums cache (C:\Users\Oscar Vaquero Santos\AndroidStudioProjects\xolotl\.gradle\8.11.1\checksums)" [_thread_blocked, id=10360, stack(0x000000419e100000,0x000000419e200000)]
  0x00000232981d75a0 JavaThread "Cache worker for cache directory md-rule (C:\Users\Oscar Vaquero Santos\.gradle\caches\8.11.1\md-rule)" [_thread_blocked, id=7752, stack(0x000000419e200000,0x000000419e300000)]
  0x00000232981d4810 JavaThread "Cache worker for cache directory md-supplier (C:\Users\Oscar Vaquero Santos\.gradle\caches\8.11.1\md-supplier)" [_thread_blocked, id=11028, stack(0x000000419e300000,0x000000419e400000)]
  0x00000232981d4d20 JavaThread "Unconstrained build operations" [_thread_blocked, id=21536, stack(0x000000419e500000,0x000000419e600000)]
  0x00000232981d89e0 JavaThread "Unconstrained build operations Thread 2" [_thread_blocked, id=21196, stack(0x000000419e600000,0x000000419e700000)]
  0x00000232981dad50 JavaThread "Unconstrained build operations Thread 3" [_thread_blocked, id=20660, stack(0x000000419e700000,0x000000419e800000)]
  0x00000232981d8ef0 JavaThread "Unconstrained build operations Thread 4" [_thread_blocked, id=352, stack(0x000000419e800000,0x000000419e900000)]
  0x00000232981d9400 JavaThread "Unconstrained build operations Thread 5" [_thread_blocked, id=7852, stack(0x000000419e900000,0x000000419ea00000)]
  0x00000232981d9910 JavaThread "Unconstrained build operations Thread 6" [_thread_blocked, id=22148, stack(0x000000419ea00000,0x000000419eb00000)]
  0x00000232981da330 JavaThread "Unconstrained build operations Thread 7" [_thread_blocked, id=3208, stack(0x000000419eb00000,0x000000419ec00000)]
  0x00000232981d9e20 JavaThread "Unconstrained build operations Thread 8" [_thread_blocked, id=20012, stack(0x000000419ec00000,0x000000419ed00000)]
  0x00000232981da840 JavaThread "Unconstrained build operations Thread 9" [_thread_blocked, id=14208, stack(0x000000419ed00000,0x000000419ee00000)]
  0x000002328699a3d0 JavaThread "Unconstrained build operations Thread 10" [_thread_blocked, id=21264, stack(0x000000419ee00000,0x000000419ef00000)]
  0x000002328699adf0 JavaThread "Unconstrained build operations Thread 11" [_thread_blocked, id=10416, stack(0x000000419ef00000,0x000000419f000000)]
  0x000002328699e090 JavaThread "Unconstrained build operations Thread 12" [_thread_blocked, id=21336, stack(0x000000419f000000,0x000000419f100000)]
  0x000002328699b300 JavaThread "Unconstrained build operations Thread 13" [_thread_blocked, id=21812, stack(0x000000419f100000,0x000000419f200000)]
  0x000002328699bd20 JavaThread "Unconstrained build operations Thread 14" [_thread_blocked, id=3828, stack(0x000000419f200000,0x000000419f300000)]
  0x000002328699f4d0 JavaThread "build event listener" [_thread_blocked, id=21688, stack(0x000000419f300000,0x000000419f400000)]
  0x00000232981196b0 JavaThread "pool-6-thread-1" [_thread_blocked, id=16196, stack(0x000000419e400000,0x000000419e500000)]
  0x000002329811aaf0 JavaThread "build event listener" [_thread_blocked, id=12068, stack(0x000000419f400000,0x000000419f500000)]
  0x000002329811b510 JavaThread "included builds" [_thread_blocked, id=14116, stack(0x000000419f500000,0x000000419f600000)]
  0x000002329811a0d0 JavaThread "Execution worker" [_thread_blocked, id=22108, stack(0x000000419f700000,0x000000419f800000)]
  0x000002329811ba20 JavaThread "Execution worker Thread 2" [_thread_blocked, id=1568, stack(0x000000419f900000,0x000000419fa00000)]
  0x00000232981191a0 JavaThread "Execution worker Thread 3" [_thread_blocked, id=22328, stack(0x000000419fb00000,0x000000419fc00000)]
  0x0000023298118780 JavaThread "Execution worker Thread 4" [_thread_blocked, id=11572, stack(0x000000419fc00000,0x000000419fd00000)]
  0x000002329811c440 JavaThread "Execution worker Thread 5" [_thread_blocked, id=14004, stack(0x000000419fd00000,0x000000419fe00000)]
  0x000002329811bf30 JavaThread "Execution worker Thread 6" [_thread_blocked, id=2428, stack(0x000000419fe00000,0x000000419ff00000)]
  0x000002329811ecc0 JavaThread "Execution worker Thread 7" [_thread_blocked, id=2308, stack(0x000000419ff00000,0x00000041a0000000)]
  0x000002329811e7b0 JavaThread "Cache worker for execution history cache (C:\Users\Oscar Vaquero Santos\AndroidStudioProjects\xolotl\.gradle\8.11.1\executionHistory)" [_thread_blocked, id=20924, stack(0x00000041a0000000,0x00000041a0100000)]
  0x000002329811dd90 JavaThread "Unconstrained build operations Thread 15" [_thread_blocked, id=20632, stack(0x00000041a0200000,0x00000041a0300000)]
  0x000002329811f1d0 JavaThread "Unconstrained build operations Thread 16" [_thread_blocked, id=22360, stack(0x00000041a0300000,0x00000041a0400000)]
  0x000002329811f6e0 JavaThread "Unconstrained build operations Thread 17" [_thread_blocked, id=5460, stack(0x00000041a0400000,0x00000041a0500000)]
  0x000002329811c950 JavaThread "Unconstrained build operations Thread 18" [_thread_blocked, id=18928, stack(0x00000041a0500000,0x00000041a0600000)]
  0x000002329811fbf0 JavaThread "Unconstrained build operations Thread 19" [_thread_blocked, id=16312, stack(0x00000041a0600000,0x00000041a0700000)]
  0x000002329811ce60 JavaThread "Unconstrained build operations Thread 20" [_thread_blocked, id=6744, stack(0x00000041a0700000,0x00000041a0800000)]
  0x000002329811d880 JavaThread "Unconstrained build operations Thread 21" [_thread_blocked, id=22004, stack(0x00000041a0800000,0x00000041a0900000)]
  0x000002329811e2a0 JavaThread "Unconstrained build operations Thread 22" [_thread_blocked, id=1080, stack(0x00000041a0900000,0x00000041a0a00000)]
  0x0000023298cd1cf0 JavaThread "Unconstrained build operations Thread 23" [_thread_blocked, id=7804, stack(0x00000041a0a00000,0x00000041a0b00000)]
  0x0000023298cd2200 JavaThread "Unconstrained build operations Thread 24" [_thread_blocked, id=12424, stack(0x00000041a0b00000,0x00000041a0c00000)]
  0x0000023298cd2710 JavaThread "Unconstrained build operations Thread 25" [_thread_blocked, id=20436, stack(0x00000041a0c00000,0x00000041a0d00000)]
  0x0000023298cd2c20 JavaThread "Unconstrained build operations Thread 26" [_thread_blocked, id=21544, stack(0x00000041a0d00000,0x00000041a0e00000)]
  0x0000023298cd03a0 JavaThread "Unconstrained build operations Thread 27" [_thread_blocked, id=19652, stack(0x00000041a0e00000,0x00000041a0f00000)]
  0x0000023298cd3130 JavaThread "Unconstrained build operations Thread 28" [_thread_blocked, id=22416, stack(0x00000041a0f00000,0x00000041a1000000)]
  0x0000023298cd3640 JavaThread "WorkerExecutor Queue" [_thread_blocked, id=3112, stack(0x00000041a1000000,0x00000041a1100000)]
  0x0000023298cd0dc0 JavaThread "Unconstrained build operations Thread 29" [_thread_blocked, id=2132, stack(0x00000041a1100000,0x00000041a1200000)]
  0x0000023298ccfe90 JavaThread "Unconstrained build operations Thread 30" [_thread_blocked, id=20936, stack(0x00000041a1200000,0x00000041a1300000)]
  0x0000023298cd12d0 JavaThread "Unconstrained build operations Thread 31" [_thread_blocked, id=21908, stack(0x00000041a1300000,0x00000041a1400000)]
  0x0000023298cd17e0 JavaThread "Unconstrained build operations Thread 32" [_thread_blocked, id=20864, stack(0x00000041a1400000,0x00000041a1500000)]
  0x000002329e42f5d0 JavaThread "Unconstrained build operations Thread 33" [_thread_blocked, id=988, stack(0x00000041a1500000,0x00000041a1600000)]
  0x000002329e430500 JavaThread "Unconstrained build operations Thread 34" [_thread_blocked, id=21808, stack(0x00000041a1600000,0x00000041a1700000)]
  0x000002329e430a10 JavaThread "Unconstrained build operations Thread 35" [_thread_blocked, id=22476, stack(0x00000041a1700000,0x00000041a1800000)]
  0x0000023298724000 JavaThread "C2 CompilerThread1" daemon [_thread_blocked, id=11464, stack(0x000000419e000000,0x000000419e100000)]

Other Threads:
=>0x000002323f2666c0 VMThread "VM Thread" [stack: 0x000000419b000000,0x000000419b100000] [id=22216]
  0x00000232211239c0 WatcherThread [stack: 0x000000419bc00000,0x000000419bd00000] [id=18356]
  0x00000232210e62d0 GCTaskThread "GC Thread#0" [stack: 0x000000419ab00000,0x000000419ac00000] [id=14840]
  0x000002328528c2b0 GCTaskThread "GC Thread#1" [stack: 0x000000419bd00000,0x000000419be00000] [id=22224]
  0x00000232852befb0 GCTaskThread "GC Thread#2" [stack: 0x000000419be00000,0x000000419bf00000] [id=20312]
  0x00000232857d5ee0 GCTaskThread "GC Thread#3" [stack: 0x000000419bf00000,0x000000419c000000] [id=19872]
  0x00000232857d4e60 GCTaskThread "GC Thread#4" [stack: 0x000000419c000000,0x000000419c100000] [id=14572]
  0x00000232857d6460 GCTaskThread "GC Thread#5" [stack: 0x000000419cb00000,0x000000419cc00000] [id=17588]
  0x00000232857d53e0 GCTaskThread "GC Thread#6" [stack: 0x000000419cc00000,0x000000419cd00000] [id=14448]
  0x00000232857d5c20 GCTaskThread "GC Thread#7" [stack: 0x000000419cd00000,0x000000419ce00000] [id=12892]
  0x00000232210f7b40 ConcurrentGCThread "G1 Main Marker" [stack: 0x000000419ac00000,0x000000419ad00000] [id=18072]
  0x00000232210f8300 ConcurrentGCThread "G1 Conc#0" [stack: 0x000000419ad00000,0x000000419ae00000] [id=5532]
  0x00000232857d5120 ConcurrentGCThread "G1 Conc#1" [stack: 0x000000419d400000,0x000000419d500000] [id=6500]
  0x000002322114de60 ConcurrentGCThread "G1 Refine#0" [stack: 0x000000419ae00000,0x000000419af00000] [id=20868]
  0x0000023287a96180 ConcurrentGCThread "G1 Refine#1" [stack: 0x000000419da00000,0x000000419db00000] [id=6092]
  0x0000023287a94fe0 ConcurrentGCThread "G1 Refine#2" [stack: 0x000000419db00000,0x000000419dc00000] [id=14536]
  0x00000232870cfc30 ConcurrentGCThread "G1 Refine#3" [stack: 0x000000419dc00000,0x000000419dd00000] [id=5220]
  0x00000232870d10c0 ConcurrentGCThread "G1 Refine#4" [stack: 0x000000419dd00000,0x000000419de00000] [id=19804]
  0x00000232870d1c80 ConcurrentGCThread "G1 Refine#5" [stack: 0x000000419de00000,0x000000419df00000] [id=21952]
  0x000002322114e640 ConcurrentGCThread "G1 Service" [stack: 0x000000419af00000,0x000000419b000000] [id=532]

Threads with active compile tasks:
C2 CompilerThread0    47955 22776   !   4       com.sun.org.apache.xerces.internal.parsers.AbstractSAXParser::startElement (318 bytes)
C2 CompilerThread1    47955 22773   !   4       com.android.utils.PositionXmlParser$DomBuilder::startElement (272 bytes)

VM state: at safepoint (normal execution)

VM Mutex/Monitor currently owned by a thread:  ([mutex/lock_event])
[0x000002321edfa6f0] Threads_lock - owner thread: 0x000002323f2666c0
[0x0000023221085af0] Heap_lock - owner thread: 0x00000232210f7b40

Heap address: 0x0000000080000000, size: 2048 MB, Compressed Oops mode: 32-bit

CDS archive(s) mapped at: [0x0000023240000000-0x0000023240bd0000-0x0000023240bd0000), size 12386304, SharedBaseAddress: 0x0000023240000000, ArchiveRelocationMode: 1.
Compressed class space mapped at: 0x0000023241000000-0x0000023281000000, reserved size: 1073741824
Narrow klass base: 0x0000023240000000, Narrow klass shift: 0, Narrow klass range: 0x100000000

GC Precious Log:
 CPUs: 8 total, 8 available
 Memory: 5965M
 Large Page Support: Disabled
 NUMA Support: Disabled
 Compressed Oops: Enabled (32-bit)
 Heap Region Size: 1M
 Heap Min Capacity: 8M
 Heap Initial Capacity: 94M
 Heap Max Capacity: 2G
 Pre-touch: Disabled
 Parallel Workers: 8
 Concurrent Workers: 2
 Concurrent Refinement Workers: 8
 Periodic GC: Disabled

Heap:
 garbage-first heap   total 281600K, used 250144K [0x0000000080000000, 0x0000000100000000)
  region size 1024K, 10 young (10240K), 2 survivors (2048K)
 Metaspace       used 175331K, committed 176512K, reserved 1245184K
  class space    used 22295K, committed 22848K, reserved 1048576K

Heap Regions: E=young(eden), S=young(survivor), O=old, HS=humongous(starts), HC=humongous(continues), CS=collection set, F=free, OA=open archive, CA=closed archive, TAMS=top-at-mark-start (previous, next)
|   0|0x0000000080000000, 0x0000000080100000, 0x0000000080100000|100%|HS|  |TAMS 0x0000000080100000, 0x0000000080000000| Complete 
|   1|0x0000000080100000, 0x0000000080200000, 0x0000000080200000|100%|HC|  |TAMS 0x0000000080200000, 0x0000000080100000| Complete 
|   2|0x0000000080200000, 0x0000000080300000, 0x0000000080300000|100%|HC|  |TAMS 0x0000000080300000, 0x0000000080200000| Complete 
|   3|0x0000000080300000, 0x0000000080400000, 0x0000000080400000|100%| O|  |TAMS 0x0000000080400000, 0x0000000080300000| Untracked 
|   4|0x0000000080400000, 0x0000000080500000, 0x0000000080500000|100%| O|  |TAMS 0x0000000080500000, 0x0000000080400000| Untracked 
|   5|0x0000000080500000, 0x0000000080600000, 0x0000000080600000|100%|HS|  |TAMS 0x0000000080600000, 0x0000000080500000| Complete 
|   6|0x0000000080600000, 0x0000000080700000, 0x0000000080700000|100%| O|  |TAMS 0x0000000080700000, 0x0000000080600000| Untracked 
|   7|0x0000000080700000, 0x0000000080800000, 0x0000000080800000|100%| O|  |TAMS 0x0000000080800000, 0x0000000080700000| Untracked 
|   8|0x0000000080800000, 0x0000000080900000, 0x0000000080900000|100%| O|  |TAMS 0x0000000080900000, 0x0000000080800000| Untracked 
|   9|0x0000000080900000, 0x0000000080a00000, 0x0000000080a00000|100%| O|  |TAMS 0x0000000080a00000, 0x0000000080900000| Untracked 
|  10|0x0000000080a00000, 0x0000000080b00000, 0x0000000080b00000|100%| O|  |TAMS 0x0000000080b00000, 0x0000000080a00000| Untracked 
|  11|0x0000000080b00000, 0x0000000080c00000, 0x0000000080c00000|100%| O|  |TAMS 0x0000000080c00000, 0x0000000080b00000| Updating 
|  12|0x0000000080c00000, 0x0000000080d00000, 0x0000000080d00000|100%| O|  |TAMS 0x0000000080d00000, 0x0000000080c00000| Untracked 
|  13|0x0000000080d00000, 0x0000000080e00000, 0x0000000080e00000|100%| O|  |TAMS 0x0000000080e00000, 0x0000000080d00000| Untracked 
|  14|0x0000000080e00000, 0x0000000080f00000, 0x0000000080f00000|100%| O|  |TAMS 0x0000000080f00000, 0x0000000080e00000| Untracked 
|  15|0x0000000080f00000, 0x0000000081000000, 0x0000000081000000|100%| O|  |TAMS 0x0000000081000000, 0x0000000080f00000| Untracked 
|  16|0x0000000081000000, 0x0000000081100000, 0x0000000081100000|100%| O|  |TAMS 0x0000000081100000, 0x0000000081000000| Untracked 
|  17|0x0000000081100000, 0x0000000081200000, 0x0000000081200000|100%| O|  |TAMS 0x0000000081200000, 0x0000000081100000| Untracked 
|  18|0x0000000081200000, 0x0000000081300000, 0x0000000081300000|100%| O|  |TAMS 0x0000000081300000, 0x0000000081200000| Untracked 
|  19|0x0000000081300000, 0x0000000081400000, 0x0000000081400000|100%| O|  |TAMS 0x0000000081400000, 0x0000000081300000| Untracked 
|  20|0x0000000081400000, 0x0000000081500000, 0x0000000081500000|100%| O|  |TAMS 0x0000000081500000, 0x0000000081400000| Untracked 
|  21|0x0000000081500000, 0x0000000081600000, 0x0000000081600000|100%| O|  |TAMS 0x0000000081600000, 0x0000000081500000| Updating 
|  22|0x0000000081600000, 0x0000000081700000, 0x0000000081700000|100%| O|  |TAMS 0x0000000081700000, 0x0000000081600000| Updating 
|  23|0x0000000081700000, 0x0000000081800000, 0x0000000081800000|100%| O|  |TAMS 0x0000000081800000, 0x0000000081700000| Updating 
|  24|0x0000000081800000, 0x0000000081900000, 0x0000000081900000|100%| O|  |TAMS 0x0000000081900000, 0x0000000081800000| Updating 
|  25|0x0000000081900000, 0x0000000081a00000, 0x0000000081a00000|100%| O|  |TAMS 0x0000000081a00000, 0x0000000081900000| Untracked 
|  26|0x0000000081a00000, 0x0000000081b00000, 0x0000000081b00000|100%| O|  |TAMS 0x0000000081b00000, 0x0000000081a00000| Untracked 
|  27|0x0000000081b00000, 0x0000000081c00000, 0x0000000081c00000|100%| O|  |TAMS 0x0000000081c00000, 0x0000000081b00000| Untracked 
|  28|0x0000000081c00000, 0x0000000081d00000, 0x0000000081d00000|100%| O|  |TAMS 0x0000000081d00000, 0x0000000081c00000| Untracked 
|  29|0x0000000081d00000, 0x0000000081e00000, 0x0000000081e00000|100%| O|  |TAMS 0x0000000081e00000, 0x0000000081d00000| Updating 
|  30|0x0000000081e00000, 0x0000000081f00000, 0x0000000081f00000|100%| O|  |TAMS 0x0000000081f00000, 0x0000000081e00000| Updating 
|  31|0x0000000081f00000, 0x0000000082000000, 0x0000000082000000|100%| O|  |TAMS 0x0000000082000000, 0x0000000081f00000| Updating 
|  32|0x0000000082000000, 0x0000000082100000, 0x0000000082100000|100%| O|  |TAMS 0x0000000082100000, 0x0000000082000000| Untracked 
|  33|0x0000000082100000, 0x0000000082200000, 0x0000000082200000|100%| O|  |TAMS 0x0000000082200000, 0x0000000082100000| Untracked 
|  34|0x0000000082200000, 0x0000000082300000, 0x0000000082300000|100%| O|  |TAMS 0x0000000082300000, 0x0000000082200000| Untracked 
|  35|0x0000000082300000, 0x0000000082400000, 0x0000000082400000|100%| O|  |TAMS 0x0000000082400000, 0x0000000082300000| Untracked 
|  36|0x0000000082400000, 0x0000000082500000, 0x0000000082500000|100%| O|  |TAMS 0x0000000082500000, 0x0000000082400000| Untracked 
|  37|0x0000000082500000, 0x0000000082600000, 0x0000000082600000|100%| O|  |TAMS 0x0000000082600000, 0x0000000082500000| Untracked 
|  38|0x0000000082600000, 0x0000000082700000, 0x0000000082700000|100%| O|  |TAMS 0x0000000082700000, 0x0000000082600000| Untracked 
|  39|0x0000000082700000, 0x0000000082800000, 0x0000000082800000|100%| O|  |TAMS 0x0000000082800000, 0x0000000082700000| Untracked 
|  40|0x0000000082800000, 0x0000000082900000, 0x0000000082900000|100%| O|  |TAMS 0x0000000082900000, 0x0000000082800000| Untracked 
|  41|0x0000000082900000, 0x0000000082a00000, 0x0000000082a00000|100%| O|  |TAMS 0x0000000082a00000, 0x0000000082900000| Untracked 
|  42|0x0000000082a00000, 0x0000000082b00000, 0x0000000082b00000|100%| O|  |TAMS 0x0000000082b00000, 0x0000000082a00000| Untracked 
|  43|0x0000000082b00000, 0x0000000082c00000, 0x0000000082c00000|100%| O|  |TAMS 0x0000000082c00000, 0x0000000082b00000| Updating 
|  44|0x0000000082c00000, 0x0000000082d00000, 0x0000000082d00000|100%| O|  |TAMS 0x0000000082d00000, 0x0000000082c00000| Updating 
|  45|0x0000000082d00000, 0x0000000082e00000, 0x0000000082e00000|100%| O|  |TAMS 0x0000000082e00000, 0x0000000082d00000| Updating 
|  46|0x0000000082e00000, 0x0000000082f00000, 0x0000000082f00000|100%| O|  |TAMS 0x0000000082f00000, 0x0000000082e00000| Updating 
|  47|0x0000000082f00000, 0x0000000083000000, 0x0000000083000000|100%| O|  |TAMS 0x0000000083000000, 0x0000000082f00000| Updating 
|  48|0x0000000083000000, 0x0000000083100000, 0x0000000083100000|100%| O|  |TAMS 0x0000000083100000, 0x0000000083000000| Updating 
|  49|0x0000000083100000, 0x0000000083200000, 0x0000000083200000|100%| O|  |TAMS 0x0000000083200000, 0x0000000083100000| Updating 
|  50|0x0000000083200000, 0x0000000083300000, 0x0000000083300000|100%| O|  |TAMS 0x0000000083300000, 0x0000000083200000| Untracked 
|  51|0x0000000083300000, 0x0000000083400000, 0x0000000083400000|100%| O|  |TAMS 0x0000000083400000, 0x0000000083300000| Untracked 
|  52|0x0000000083400000, 0x0000000083500000, 0x0000000083500000|100%| O|  |TAMS 0x0000000083500000, 0x0000000083400000| Untracked 
|  53|0x0000000083500000, 0x0000000083600000, 0x0000000083600000|100%| O|  |TAMS 0x0000000083600000, 0x0000000083500000| Untracked 
|  54|0x0000000083600000, 0x0000000083700000, 0x0000000083700000|100%| O|  |TAMS 0x0000000083700000, 0x0000000083600000| Untracked 
|  55|0x0000000083700000, 0x0000000083800000, 0x0000000083800000|100%| O|  |TAMS 0x0000000083800000, 0x0000000083700000| Updating 
|  56|0x0000000083800000, 0x0000000083900000, 0x0000000083900000|100%| O|  |TAMS 0x0000000083900000, 0x0000000083800000| Untracked 
|  57|0x0000000083900000, 0x0000000083a00000, 0x0000000083a00000|100%| O|  |TAMS 0x0000000083a00000, 0x0000000083900000| Updating 
|  58|0x0000000083a00000, 0x0000000083b00000, 0x0000000083b00000|100%| O|  |TAMS 0x0000000083b00000, 0x0000000083a00000| Updating 
|  59|0x0000000083b00000, 0x0000000083c00000, 0x0000000083c00000|100%| O|  |TAMS 0x0000000083c00000, 0x0000000083b00000| Updating 
|  60|0x0000000083c00000, 0x0000000083d00000, 0x0000000083d00000|100%| O|  |TAMS 0x0000000083d00000, 0x0000000083c00000| Updating 
|  61|0x0000000083d00000, 0x0000000083e00000, 0x0000000083e00000|100%| O|  |TAMS 0x0000000083e00000, 0x0000000083d00000| Updating 
|  62|0x0000000083e00000, 0x0000000083f00000, 0x0000000083f00000|100%| O|  |TAMS 0x0000000083f00000, 0x0000000083e00000| Updating 
|  63|0x0000000083f00000, 0x0000000084000000, 0x0000000084000000|100%| O|  |TAMS 0x0000000084000000, 0x0000000083f00000| Updating 
|  64|0x0000000084000000, 0x0000000084100000, 0x0000000084100000|100%| O|  |TAMS 0x0000000084100000, 0x0000000084000000| Updating 
|  65|0x0000000084100000, 0x0000000084200000, 0x0000000084200000|100%|HS|  |TAMS 0x0000000084200000, 0x0000000084100000| Complete 
|  66|0x0000000084200000, 0x0000000084300000, 0x0000000084300000|100%|HC|  |TAMS 0x0000000084300000, 0x0000000084200000| Complete 
|  67|0x0000000084300000, 0x0000000084400000, 0x0000000084400000|100%|HS|  |TAMS 0x0000000084400000, 0x0000000084300000| Complete 
|  68|0x0000000084400000, 0x0000000084500000, 0x0000000084500000|100%|HC|  |TAMS 0x0000000084500000, 0x0000000084400000| Complete 
|  69|0x0000000084500000, 0x0000000084600000, 0x0000000084600000|100%|HC|  |TAMS 0x0000000084600000, 0x0000000084500000| Complete 
|  70|0x0000000084600000, 0x0000000084700000, 0x0000000084700000|100%|HS|  |TAMS 0x0000000084700000, 0x0000000084600000| Complete 
|  71|0x0000000084700000, 0x0000000084800000, 0x0000000084800000|100%|HS|  |TAMS 0x0000000084800000, 0x0000000084700000| Complete 
|  72|0x0000000084800000, 0x0000000084900000, 0x0000000084900000|100%| O|  |TAMS 0x0000000084900000, 0x0000000084800000| Updating 
|  73|0x0000000084900000, 0x0000000084a00000, 0x0000000084a00000|100%| O|  |TAMS 0x0000000084a00000, 0x0000000084900000| Updating 
|  74|0x0000000084a00000, 0x0000000084b00000, 0x0000000084b00000|100%| O|  |TAMS 0x0000000084b00000, 0x0000000084a00000| Updating 
|  75|0x0000000084b00000, 0x0000000084c00000, 0x0000000084c00000|100%| O|  |TAMS 0x0000000084c00000, 0x0000000084b00000| Updating 
|  76|0x0000000084c00000, 0x0000000084d00000, 0x0000000084d00000|100%| O|  |TAMS 0x0000000084d00000, 0x0000000084c00000| Untracked 
|  77|0x0000000084d00000, 0x0000000084e00000, 0x0000000084e00000|100%| O|  |TAMS 0x0000000084e00000, 0x0000000084d00000| Updating 
|  78|0x0000000084e00000, 0x0000000084f00000, 0x0000000084f00000|100%| O|  |TAMS 0x0000000084f00000, 0x0000000084e00000| Updating 
|  79|0x0000000084f00000, 0x0000000085000000, 0x0000000085000000|100%| O|  |TAMS 0x0000000085000000, 0x0000000084f00000| Updating 
|  80|0x0000000085000000, 0x0000000085100000, 0x0000000085100000|100%| O|  |TAMS 0x0000000085100000, 0x0000000085000000| Updating 
|  81|0x0000000085100000, 0x0000000085200000, 0x0000000085200000|100%| O|  |TAMS 0x0000000085200000, 0x0000000085100000| Updating 
|  82|0x0000000085200000, 0x0000000085300000, 0x0000000085300000|100%| O|  |TAMS 0x0000000085300000, 0x0000000085200000| Updating 
|  83|0x0000000085300000, 0x0000000085400000, 0x0000000085400000|100%| O|  |TAMS 0x0000000085400000, 0x0000000085300000| Updating 
|  84|0x0000000085400000, 0x0000000085500000, 0x0000000085500000|100%| O|  |TAMS 0x0000000085500000, 0x0000000085400000| Updating 
|  85|0x0000000085500000, 0x0000000085600000, 0x0000000085600000|100%| O|  |TAMS 0x0000000085600000, 0x0000000085500000| Updating 
|  86|0x0000000085600000, 0x0000000085700000, 0x0000000085700000|100%| O|  |TAMS 0x0000000085700000, 0x0000000085600000| Updating 
|  87|0x0000000085700000, 0x0000000085800000, 0x0000000085800000|100%| O|  |TAMS 0x0000000085800000, 0x0000000085700000| Untracked 
|  88|0x0000000085800000, 0x0000000085900000, 0x0000000085900000|100%| O|  |TAMS 0x0000000085900000, 0x0000000085800000| Updating 
|  89|0x0000000085900000, 0x0000000085a00000, 0x0000000085a00000|100%| O|  |TAMS 0x0000000085a00000, 0x0000000085900000| Updating 
|  90|0x0000000085a00000, 0x0000000085b00000, 0x0000000085b00000|100%| O|  |TAMS 0x0000000085b00000, 0x0000000085a00000| Updating 
|  91|0x0000000085b00000, 0x0000000085c00000, 0x0000000085c00000|100%| O|  |TAMS 0x0000000085c00000, 0x0000000085b00000| Updating 
|  92|0x0000000085c00000, 0x0000000085d00000, 0x0000000085d00000|100%| O|  |TAMS 0x0000000085d00000, 0x0000000085c00000| Updating 
|  93|0x0000000085d00000, 0x0000000085e00000, 0x0000000085e00000|100%| O|  |TAMS 0x0000000085e00000, 0x0000000085d00000| Updating 
|  94|0x0000000085e00000, 0x0000000085f00000, 0x0000000085f00000|100%| O|  |TAMS 0x0000000085f00000, 0x0000000085e00000| Updating 
|  95|0x0000000085f00000, 0x0000000086000000, 0x0000000086000000|100%| O|  |TAMS 0x0000000086000000, 0x0000000085f00000| Updating 
|  96|0x0000000086000000, 0x0000000086100000, 0x0000000086100000|100%| O|  |TAMS 0x0000000086100000, 0x0000000086000000| Updating 
|  97|0x0000000086100000, 0x0000000086200000, 0x0000000086200000|100%| O|  |TAMS 0x0000000086200000, 0x0000000086100000| Updating 
|  98|0x0000000086200000, 0x0000000086300000, 0x0000000086300000|100%| O|  |TAMS 0x0000000086300000, 0x0000000086200000| Updating 
|  99|0x0000000086300000, 0x0000000086400000, 0x0000000086400000|100%| O|  |TAMS 0x0000000086400000, 0x0000000086300000| Updating 
| 100|0x0000000086400000, 0x0000000086500000, 0x0000000086500000|100%| O|  |TAMS 0x0000000086500000, 0x0000000086400000| Updating 
| 101|0x0000000086500000, 0x0000000086600000, 0x0000000086600000|100%| O|  |TAMS 0x0000000086600000, 0x0000000086500000| Untracked 
| 102|0x0000000086600000, 0x0000000086700000, 0x0000000086700000|100%| O|  |TAMS 0x0000000086700000, 0x0000000086600000| Untracked 
| 103|0x0000000086700000, 0x0000000086800000, 0x0000000086800000|100%| O|  |TAMS 0x0000000086800000, 0x0000000086700000| Untracked 
| 104|0x0000000086800000, 0x0000000086900000, 0x0000000086900000|100%| O|  |TAMS 0x0000000086900000, 0x0000000086800000| Untracked 
| 105|0x0000000086900000, 0x0000000086a00000, 0x0000000086a00000|100%| O|  |TAMS 0x0000000086a00000, 0x0000000086900000| Untracked 
| 106|0x0000000086a00000, 0x0000000086b00000, 0x0000000086b00000|100%| O|  |TAMS 0x0000000086b00000, 0x0000000086a00000| Untracked 
| 107|0x0000000086b00000, 0x0000000086c00000, 0x0000000086c00000|100%| O|  |TAMS 0x0000000086c00000, 0x0000000086b00000| Untracked 
| 108|0x0000000086c00000, 0x0000000086d00000, 0x0000000086d00000|100%| O|  |TAMS 0x0000000086d00000, 0x0000000086c00000| Untracked 
| 109|0x0000000086d00000, 0x0000000086e00000, 0x0000000086e00000|100%| O|  |TAMS 0x0000000086e00000, 0x0000000086d00000| Updating 
| 110|0x0000000086e00000, 0x0000000086f00000, 0x0000000086f00000|100%| O|  |TAMS 0x0000000086f00000, 0x0000000086e00000| Updating 
| 111|0x0000000086f00000, 0x0000000087000000, 0x0000000087000000|100%| O|  |TAMS 0x0000000087000000, 0x0000000086f00000| Updating 
| 112|0x0000000087000000, 0x0000000087100000, 0x0000000087100000|100%| O|  |TAMS 0x0000000087100000, 0x0000000087000000| Updating 
| 113|0x0000000087100000, 0x0000000087200000, 0x0000000087200000|100%| O|  |TAMS 0x0000000087200000, 0x0000000087100000| Updating 
| 114|0x0000000087200000, 0x0000000087300000, 0x0000000087300000|100%| O|  |TAMS 0x0000000087300000, 0x0000000087200000| Untracked 
| 115|0x0000000087300000, 0x0000000087400000, 0x0000000087400000|100%| O|  |TAMS 0x0000000087400000, 0x0000000087300000| Untracked 
| 116|0x0000000087400000, 0x0000000087500000, 0x0000000087500000|100%| O|  |TAMS 0x0000000087500000, 0x0000000087400000| Updating 
| 117|0x0000000087500000, 0x0000000087600000, 0x0000000087600000|100%| O|  |TAMS 0x0000000087600000, 0x0000000087500000| Updating 
| 118|0x0000000087600000, 0x0000000087700000, 0x0000000087700000|100%| O|  |TAMS 0x0000000087700000, 0x0000000087600000| Updating 
| 119|0x0000000087700000, 0x0000000087700000, 0x0000000087800000|  0%| F|  |TAMS 0x0000000087700000, 0x0000000087700000| Untracked 
| 120|0x0000000087800000, 0x0000000087900000, 0x0000000087900000|100%| O|  |TAMS 0x0000000087900000, 0x0000000087800000| Updating 
| 121|0x0000000087900000, 0x0000000087a00000, 0x0000000087a00000|100%| O|  |TAMS 0x0000000087a00000, 0x0000000087900000| Updating 
| 122|0x0000000087a00000, 0x0000000087b00000, 0x0000000087b00000|100%|HS|  |TAMS 0x0000000087b00000, 0x0000000087a00000| Complete 
| 123|0x0000000087b00000, 0x0000000087c00000, 0x0000000087c00000|100%|HC|  |TAMS 0x0000000087c00000, 0x0000000087b00000| Complete 
| 124|0x0000000087c00000, 0x0000000087d00000, 0x0000000087d00000|100%|HS|  |TAMS 0x0000000087d00000, 0x0000000087c00000| Complete 
| 125|0x0000000087d00000, 0x0000000087e00000, 0x0000000087e00000|100%|HS|  |TAMS 0x0000000087e00000, 0x0000000087d00000| Complete 
| 126|0x0000000087e00000, 0x0000000087f00000, 0x0000000087f00000|100%|HS|  |TAMS 0x0000000087f00000, 0x0000000087e00000| Complete 
| 127|0x0000000087f00000, 0x0000000088000000, 0x0000000088000000|100%|HS|  |TAMS 0x0000000088000000, 0x0000000087f00000| Complete 
| 128|0x0000000088000000, 0x0000000088000000, 0x0000000088100000|  0%| F|  |TAMS 0x0000000088000000, 0x0000000088000000| Untracked 
| 129|0x0000000088100000, 0x0000000088200000, 0x0000000088200000|100%| O|  |TAMS 0x0000000088200000, 0x0000000088100000| Updating 
| 130|0x0000000088200000, 0x0000000088300000, 0x0000000088300000|100%| O|  |TAMS 0x0000000088300000, 0x0000000088200000| Updating 
| 131|0x0000000088300000, 0x0000000088400000, 0x0000000088400000|100%| O|  |TAMS 0x0000000088400000, 0x0000000088300000| Updating 
| 132|0x0000000088400000, 0x0000000088500000, 0x0000000088500000|100%| O|  |TAMS 0x0000000088500000, 0x0000000088400000| Updating 
| 133|0x0000000088500000, 0x0000000088600000, 0x0000000088600000|100%| O|  |TAMS 0x0000000088600000, 0x0000000088500000| Untracked 
| 134|0x0000000088600000, 0x0000000088700000, 0x0000000088700000|100%| O|  |TAMS 0x0000000088700000, 0x0000000088600000| Updating 
| 135|0x0000000088700000, 0x0000000088800000, 0x0000000088800000|100%| O|  |TAMS 0x0000000088800000, 0x0000000088700000| Updating 
| 136|0x0000000088800000, 0x0000000088900000, 0x0000000088900000|100%| O|  |TAMS 0x0000000088900000, 0x0000000088800000| Updating 
| 137|0x0000000088900000, 0x0000000088a00000, 0x0000000088a00000|100%| O|  |TAMS 0x0000000088a00000, 0x0000000088900000| Untracked 
| 138|0x0000000088a00000, 0x0000000088b00000, 0x0000000088b00000|100%| O|  |TAMS 0x0000000088b00000, 0x0000000088a00000| Updating 
| 139|0x0000000088b00000, 0x0000000088c00000, 0x0000000088c00000|100%| O|  |TAMS 0x0000000088c00000, 0x0000000088b00000| Untracked 
| 140|0x0000000088c00000, 0x0000000088d00000, 0x0000000088d00000|100%| O|  |TAMS 0x0000000088d00000, 0x0000000088c00000| Untracked 
| 141|0x0000000088d00000, 0x0000000088e00000, 0x0000000088e00000|100%| O|  |TAMS 0x0000000088e00000, 0x0000000088d00000| Untracked 
| 142|0x0000000088e00000, 0x0000000088f00000, 0x0000000088f00000|100%| O|  |TAMS 0x0000000088f00000, 0x0000000088e00000| Updating 
| 143|0x0000000088f00000, 0x0000000089000000, 0x0000000089000000|100%|HS|  |TAMS 0x0000000089000000, 0x0000000088f00000| Complete 
| 144|0x0000000089000000, 0x0000000089100000, 0x0000000089100000|100%| O|  |TAMS 0x0000000089100000, 0x0000000089000000| Untracked 
| 145|0x0000000089100000, 0x0000000089200000, 0x0000000089200000|100%| O|  |TAMS 0x0000000089200000, 0x0000000089100000| Untracked 
| 146|0x0000000089200000, 0x0000000089300000, 0x0000000089300000|100%|HS|  |TAMS 0x0000000089300000, 0x0000000089200000| Complete 
| 147|0x0000000089300000, 0x0000000089400000, 0x0000000089400000|100%|HC|  |TAMS 0x0000000089400000, 0x0000000089300000| Complete 
| 148|0x0000000089400000, 0x0000000089500000, 0x0000000089500000|100%|HC|  |TAMS 0x0000000089500000, 0x0000000089400000| Complete 
| 149|0x0000000089500000, 0x0000000089600000, 0x0000000089600000|100%| O|  |TAMS 0x0000000089600000, 0x0000000089500000| Updating 
| 150|0x0000000089600000, 0x0000000089700000, 0x0000000089700000|100%| O|  |TAMS 0x0000000089700000, 0x0000000089600000| Updating 
| 151|0x0000000089700000, 0x0000000089800000, 0x0000000089800000|100%| O|  |TAMS 0x0000000089800000, 0x0000000089700000| Updating 
| 152|0x0000000089800000, 0x0000000089900000, 0x0000000089900000|100%| O|  |TAMS 0x0000000089900000, 0x0000000089800000| Untracked 
| 153|0x0000000089900000, 0x0000000089a00000, 0x0000000089a00000|100%| O|  |TAMS 0x0000000089a00000, 0x0000000089900000| Updating 
| 154|0x0000000089a00000, 0x0000000089b00000, 0x0000000089b00000|100%| O|  |TAMS 0x0000000089b00000, 0x0000000089a00000| Updating 
| 155|0x0000000089b00000, 0x0000000089c00000, 0x0000000089c00000|100%| O|  |TAMS 0x0000000089c00000, 0x0000000089b00000| Updating 
| 156|0x0000000089c00000, 0x0000000089d00000, 0x0000000089d00000|100%| O|  |TAMS 0x0000000089d00000, 0x0000000089c00000| Updating 
| 157|0x0000000089d00000, 0x0000000089e00000, 0x0000000089e00000|100%| O|  |TAMS 0x0000000089e00000, 0x0000000089d00000| Updating 
| 158|0x0000000089e00000, 0x0000000089f00000, 0x0000000089f00000|100%| O|  |TAMS 0x0000000089f00000, 0x0000000089e00000| Updating 
| 159|0x0000000089f00000, 0x000000008a000000, 0x000000008a000000|100%| O|  |TAMS 0x000000008a000000, 0x0000000089f00000| Updating 
| 160|0x000000008a000000, 0x000000008a100000, 0x000000008a100000|100%| O|  |TAMS 0x000000008a100000, 0x000000008a000000| Updating 
| 161|0x000000008a100000, 0x000000008a100000, 0x000000008a200000|  0%| F|  |TAMS 0x000000008a100000, 0x000000008a100000| Untracked 
| 162|0x000000008a200000, 0x000000008a200000, 0x000000008a300000|  0%| F|  |TAMS 0x000000008a200000, 0x000000008a200000| Untracked 
| 163|0x000000008a300000, 0x000000008a300000, 0x000000008a400000|  0%| F|  |TAMS 0x000000008a300000, 0x000000008a300000| Untracked 
| 164|0x000000008a400000, 0x000000008a400000, 0x000000008a500000|  0%| F|  |TAMS 0x000000008a400000, 0x000000008a400000| Untracked 
| 165|0x000000008a500000, 0x000000008a500000, 0x000000008a600000|  0%| F|  |TAMS 0x000000008a500000, 0x000000008a500000| Untracked 
| 166|0x000000008a600000, 0x000000008a600000, 0x000000008a700000|  0%| F|  |TAMS 0x000000008a600000, 0x000000008a600000| Untracked 
| 167|0x000000008a700000, 0x000000008a800000, 0x000000008a800000|100%| O|  |TAMS 0x000000008a800000, 0x000000008a700000| Updating 
| 168|0x000000008a800000, 0x000000008a900000, 0x000000008a900000|100%| O|  |TAMS 0x000000008a900000, 0x000000008a800000| Updating 
| 169|0x000000008a900000, 0x000000008aa00000, 0x000000008aa00000|100%| O|  |TAMS 0x000000008aa00000, 0x000000008a900000| Updating 
| 170|0x000000008aa00000, 0x000000008ab00000, 0x000000008ab00000|100%| O|  |TAMS 0x000000008ab00000, 0x000000008aa00000| Updating 
| 171|0x000000008ab00000, 0x000000008ab00000, 0x000000008ac00000|  0%| F|  |TAMS 0x000000008ab00000, 0x000000008ab00000| Untracked 
| 172|0x000000008ac00000, 0x000000008ad00000, 0x000000008ad00000|100%| O|  |TAMS 0x000000008ad00000, 0x000000008ac00000| Updating 
| 173|0x000000008ad00000, 0x000000008ae00000, 0x000000008ae00000|100%| O|  |TAMS 0x000000008ae00000, 0x000000008ad00000| Updating 
| 174|0x000000008ae00000, 0x000000008af00000, 0x000000008af00000|100%| O|  |TAMS 0x000000008af00000, 0x000000008ae00000| Updating 
| 175|0x000000008af00000, 0x000000008b000000, 0x000000008b000000|100%| O|  |TAMS 0x000000008b000000, 0x000000008af00000| Updating 
| 176|0x000000008b000000, 0x000000008b100000, 0x000000008b100000|100%| O|  |TAMS 0x000000008b100000, 0x000000008b000000| Updating 
| 177|0x000000008b100000, 0x000000008b200000, 0x000000008b200000|100%| O|  |TAMS 0x000000008b200000, 0x000000008b100000| Updating 
| 178|0x000000008b200000, 0x000000008b300000, 0x000000008b300000|100%| O|  |TAMS 0x000000008b300000, 0x000000008b200000| Updating 
| 179|0x000000008b300000, 0x000000008b400000, 0x000000008b400000|100%| O|  |TAMS 0x000000008b400000, 0x000000008b300000| Updating 
| 180|0x000000008b400000, 0x000000008b500000, 0x000000008b500000|100%| O|  |TAMS 0x000000008b500000, 0x000000008b400000| Updating 
| 181|0x000000008b500000, 0x000000008b600000, 0x000000008b600000|100%| O|  |TAMS 0x000000008b600000, 0x000000008b500000| Updating 
| 182|0x000000008b600000, 0x000000008b700000, 0x000000008b700000|100%| O|  |TAMS 0x000000008b700000, 0x000000008b600000| Updating 
| 183|0x000000008b700000, 0x000000008b800000, 0x000000008b800000|100%| O|  |TAMS 0x000000008b800000, 0x000000008b700000| Untracked 
| 184|0x000000008b800000, 0x000000008b900000, 0x000000008b900000|100%| O|  |TAMS 0x000000008b900000, 0x000000008b800000| Untracked 
| 185|0x000000008b900000, 0x000000008ba00000, 0x000000008ba00000|100%| O|  |TAMS 0x000000008ba00000, 0x000000008b900000| Untracked 
| 186|0x000000008ba00000, 0x000000008bb00000, 0x000000008bb00000|100%| O|  |TAMS 0x000000008bb00000, 0x000000008ba00000| Updating 
| 187|0x000000008bb00000, 0x000000008bc00000, 0x000000008bc00000|100%| O|  |TAMS 0x000000008bc00000, 0x000000008bb00000| Untracked 
| 188|0x000000008bc00000, 0x000000008bd00000, 0x000000008bd00000|100%| O|  |TAMS 0x000000008bd00000, 0x000000008bc00000| Updating 
| 189|0x000000008bd00000, 0x000000008be00000, 0x000000008be00000|100%| O|  |TAMS 0x000000008be00000, 0x000000008bd00000| Updating 
| 190|0x000000008be00000, 0x000000008bf00000, 0x000000008bf00000|100%| O|  |TAMS 0x000000008bf00000, 0x000000008be00000| Untracked 
| 191|0x000000008bf00000, 0x000000008c000000, 0x000000008c000000|100%| O|  |TAMS 0x000000008c000000, 0x000000008bf00000| Untracked 
| 192|0x000000008c000000, 0x000000008c100000, 0x000000008c100000|100%| O|  |TAMS 0x000000008c100000, 0x000000008c000000| Untracked 
| 193|0x000000008c100000, 0x000000008c200000, 0x000000008c200000|100%| O|  |TAMS 0x000000008c200000, 0x000000008c100000| Updating 
| 194|0x000000008c200000, 0x000000008c300000, 0x000000008c300000|100%| O|  |TAMS 0x000000008c300000, 0x000000008c200000| Untracked 
| 195|0x000000008c300000, 0x000000008c400000, 0x000000008c400000|100%| O|  |TAMS 0x000000008c400000, 0x000000008c300000| Updating 
| 196|0x000000008c400000, 0x000000008c500000, 0x000000008c500000|100%| O|  |TAMS 0x000000008c500000, 0x000000008c400000| Updating 
| 197|0x000000008c500000, 0x000000008c600000, 0x000000008c600000|100%| O|  |TAMS 0x000000008c600000, 0x000000008c500000| Updating 
| 198|0x000000008c600000, 0x000000008c700000, 0x000000008c700000|100%| O|  |TAMS 0x000000008c700000, 0x000000008c600000| Untracked 
| 199|0x000000008c700000, 0x000000008c800000, 0x000000008c800000|100%| O|  |TAMS 0x000000008c800000, 0x000000008c700000| Updating 
| 200|0x000000008c800000, 0x000000008c900000, 0x000000008c900000|100%| O|  |TAMS 0x000000008c900000, 0x000000008c800000| Untracked 
| 201|0x000000008c900000, 0x000000008ca00000, 0x000000008ca00000|100%| O|  |TAMS 0x000000008ca00000, 0x000000008c900000| Untracked 
| 202|0x000000008ca00000, 0x000000008cb00000, 0x000000008cb00000|100%| O|  |TAMS 0x000000008cb00000, 0x000000008ca00000| Untracked 
| 203|0x000000008cb00000, 0x000000008cc00000, 0x000000008cc00000|100%| O|  |TAMS 0x000000008cc00000, 0x000000008cb00000| Updating 
| 204|0x000000008cc00000, 0x000000008cd00000, 0x000000008cd00000|100%| O|  |TAMS 0x000000008cd00000, 0x000000008cc00000| Untracked 
| 205|0x000000008cd00000, 0x000000008ce00000, 0x000000008ce00000|100%| O|  |TAMS 0x000000008ce00000, 0x000000008cd00000| Updating 
| 206|0x000000008ce00000, 0x000000008cf00000, 0x000000008cf00000|100%| O|  |TAMS 0x000000008cf00000, 0x000000008ce00000| Updating 
| 207|0x000000008cf00000, 0x000000008d000000, 0x000000008d000000|100%| O|  |TAMS 0x000000008d000000, 0x000000008cf00000| Updating 
| 208|0x000000008d000000, 0x000000008d100000, 0x000000008d100000|100%| O|  |TAMS 0x000000008d100000, 0x000000008d000000| Untracked 
| 209|0x000000008d100000, 0x000000008d200000, 0x000000008d200000|100%| O|  |TAMS 0x000000008d200000, 0x000000008d100000| Untracked 
| 210|0x000000008d200000, 0x000000008d300000, 0x000000008d300000|100%| O|  |TAMS 0x000000008d300000, 0x000000008d200000| Untracked 
| 211|0x000000008d300000, 0x000000008d400000, 0x000000008d400000|100%| O|  |TAMS 0x000000008d400000, 0x000000008d300000| Untracked 
| 212|0x000000008d400000, 0x000000008d500000, 0x000000008d500000|100%| O|  |TAMS 0x000000008d500000, 0x000000008d400000| Untracked 
| 213|0x000000008d500000, 0x000000008d600000, 0x000000008d600000|100%| O|  |TAMS 0x000000008d600000, 0x000000008d500000| Untracked 
| 214|0x000000008d600000, 0x000000008d700000, 0x000000008d700000|100%| O|  |TAMS 0x000000008d700000, 0x000000008d600000| Untracked 
| 215|0x000000008d700000, 0x000000008d800000, 0x000000008d800000|100%| O|  |TAMS 0x000000008d800000, 0x000000008d700000| Updating 
| 216|0x000000008d800000, 0x000000008d900000, 0x000000008d900000|100%| O|  |TAMS 0x000000008d900000, 0x000000008d800000| Untracked 
| 217|0x000000008d900000, 0x000000008da00000, 0x000000008da00000|100%| O|  |TAMS 0x000000008da00000, 0x000000008d900000| Untracked 
| 218|0x000000008da00000, 0x000000008db00000, 0x000000008db00000|100%| O|  |TAMS 0x000000008db00000, 0x000000008da00000| Untracked 
| 219|0x000000008db00000, 0x000000008dc00000, 0x000000008dc00000|100%| O|  |TAMS 0x000000008dc00000, 0x000000008db00000| Untracked 
| 220|0x000000008dc00000, 0x000000008dd00000, 0x000000008dd00000|100%| O|  |TAMS 0x000000008dd00000, 0x000000008dc00000| Untracked 
| 221|0x000000008dd00000, 0x000000008de00000, 0x000000008de00000|100%| O|  |TAMS 0x000000008de00000, 0x000000008dd00000| Untracked 
| 222|0x000000008de00000, 0x000000008df00000, 0x000000008df00000|100%| O|  |TAMS 0x000000008df00000, 0x000000008de00000| Untracked 
| 223|0x000000008df00000, 0x000000008e000000, 0x000000008e000000|100%| O|  |TAMS 0x000000008e000000, 0x000000008df00000| Untracked 
| 224|0x000000008e000000, 0x000000008e100000, 0x000000008e100000|100%|HS|  |TAMS 0x000000008e100000, 0x000000008e000000| Complete 
| 225|0x000000008e100000, 0x000000008e200000, 0x000000008e200000|100%|HC|  |TAMS 0x000000008e200000, 0x000000008e100000| Complete 
| 226|0x000000008e200000, 0x000000008e300000, 0x000000008e300000|100%| O|  |TAMS 0x000000008e300000, 0x000000008e200000| Untracked 
| 227|0x000000008e300000, 0x000000008e400000, 0x000000008e400000|100%| O|  |TAMS 0x000000008e400000, 0x000000008e300000| Untracked 
| 228|0x000000008e400000, 0x000000008e500000, 0x000000008e500000|100%| O|  |TAMS 0x000000008e500000, 0x000000008e400000| Untracked 
| 229|0x000000008e500000, 0x000000008e600000, 0x000000008e600000|100%| O|  |TAMS 0x000000008e600000, 0x000000008e500000| Untracked 
| 230|0x000000008e600000, 0x000000008e700000, 0x000000008e700000|100%| O|  |TAMS 0x000000008e700000, 0x000000008e600000| Untracked 
| 231|0x000000008e700000, 0x000000008e800000, 0x000000008e800000|100%| O|  |TAMS 0x000000008e800000, 0x000000008e700000| Untracked 
| 232|0x000000008e800000, 0x000000008e900000, 0x000000008e900000|100%| O|  |TAMS 0x000000008e900000, 0x000000008e800000| Untracked 
| 233|0x000000008e900000, 0x000000008ea00000, 0x000000008ea00000|100%| O|  |TAMS 0x000000008ea00000, 0x000000008e900000| Updating 
| 234|0x000000008ea00000, 0x000000008eb00000, 0x000000008eb00000|100%| O|  |TAMS 0x000000008eb00000, 0x000000008ea00000| Updating 
| 235|0x000000008eb00000, 0x000000008ec00000, 0x000000008ec00000|100%| O|  |TAMS 0x000000008ec00000, 0x000000008eb00000| Updating 
| 236|0x000000008ec00000, 0x000000008ed00000, 0x000000008ed00000|100%| O|  |TAMS 0x000000008ed00000, 0x000000008ec00000| Untracked 
| 237|0x000000008ed00000, 0x000000008ee00000, 0x000000008ee00000|100%| O|  |TAMS 0x000000008ee00000, 0x000000008ed00000| Untracked 
| 238|0x000000008ee00000, 0x000000008ef00000, 0x000000008ef00000|100%| O|  |TAMS 0x000000008ef00000, 0x000000008ee00000| Untracked 
| 239|0x000000008ef00000, 0x000000008f000000, 0x000000008f000000|100%| O|  |TAMS 0x000000008f000000, 0x000000008ef00000| Updating 
| 240|0x000000008f000000, 0x000000008f100000, 0x000000008f100000|100%| O|  |TAMS 0x000000008f100000, 0x000000008f000000| Updating 
| 241|0x000000008f100000, 0x000000008f200000, 0x000000008f200000|100%| O|  |TAMS 0x000000008f100000, 0x000000008f100000| Untracked 
| 242|0x000000008f200000, 0x000000008f300000, 0x000000008f300000|100%| O|  |TAMS 0x000000008f200000, 0x000000008f200000| Untracked 
| 243|0x000000008f300000, 0x000000008f400000, 0x000000008f400000|100%| O|  |TAMS 0x000000008f300000, 0x000000008f300000| Untracked 
| 244|0x000000008f400000, 0x000000008f448200, 0x000000008f500000| 28%| O|  |TAMS 0x000000008f400000, 0x000000008f400000| Updating 
| 245|0x000000008f500000, 0x000000008f500000, 0x000000008f600000|  0%| F|  |TAMS 0x000000008f500000, 0x000000008f500000| Untracked 
| 246|0x000000008f600000, 0x000000008f600000, 0x000000008f700000|  0%| F|  |TAMS 0x000000008f600000, 0x000000008f600000| Untracked 
| 247|0x000000008f700000, 0x000000008f700000, 0x000000008f800000|  0%| F|  |TAMS 0x000000008f700000, 0x000000008f700000| Untracked 
| 248|0x000000008f800000, 0x000000008f800000, 0x000000008f900000|  0%| F|  |TAMS 0x000000008f800000, 0x000000008f800000| Untracked 
| 249|0x000000008f900000, 0x000000008f900000, 0x000000008fa00000|  0%| F|  |TAMS 0x000000008f900000, 0x000000008f900000| Untracked 
| 250|0x000000008fa00000, 0x000000008fa00000, 0x000000008fb00000|  0%| F|  |TAMS 0x000000008fa00000, 0x000000008fa00000| Untracked 
| 251|0x000000008fb00000, 0x000000008fb00000, 0x000000008fc00000|  0%| F|  |TAMS 0x000000008fb00000, 0x000000008fb00000| Untracked 
| 252|0x000000008fc00000, 0x000000008fc00000, 0x000000008fd00000|  0%| F|  |TAMS 0x000000008fc00000, 0x000000008fc00000| Untracked 
| 253|0x000000008fd00000, 0x000000008fd00000, 0x000000008fe00000|  0%| F|  |TAMS 0x000000008fd00000, 0x000000008fd00000| Untracked 
| 254|0x000000008fe00000, 0x000000008fe00000, 0x000000008ff00000|  0%| F|  |TAMS 0x000000008fe00000, 0x000000008fe00000| Untracked 
| 255|0x000000008ff00000, 0x000000008ff00000, 0x0000000090000000|  0%| F|  |TAMS 0x000000008ff00000, 0x000000008ff00000| Untracked 
| 256|0x0000000090000000, 0x0000000090000000, 0x0000000090100000|  0%| F|  |TAMS 0x0000000090000000, 0x0000000090000000| Untracked 
| 257|0x0000000090100000, 0x0000000090100000, 0x0000000090200000|  0%| F|  |TAMS 0x0000000090100000, 0x0000000090100000| Untracked 
| 258|0x0000000090200000, 0x0000000090200000, 0x0000000090300000|  0%| F|  |TAMS 0x0000000090200000, 0x0000000090200000| Untracked 
| 259|0x0000000090300000, 0x0000000090300000, 0x0000000090400000|  0%| F|  |TAMS 0x0000000090300000, 0x0000000090300000| Untracked 
| 260|0x0000000090400000, 0x0000000090400000, 0x0000000090500000|  0%| F|  |TAMS 0x0000000090400000, 0x0000000090400000| Untracked 
| 261|0x0000000090500000, 0x0000000090500000, 0x0000000090600000|  0%| F|  |TAMS 0x0000000090500000, 0x0000000090500000| Untracked 
| 262|0x0000000090600000, 0x0000000090700000, 0x0000000090700000|100%| S|CS|TAMS 0x0000000090600000, 0x0000000090600000| Complete 
| 263|0x0000000090700000, 0x0000000090800000, 0x0000000090800000|100%| S|CS|TAMS 0x0000000090700000, 0x0000000090700000| Complete 
| 264|0x0000000090800000, 0x0000000090800000, 0x0000000090900000|  0%| F|  |TAMS 0x0000000090800000, 0x0000000090800000| Untracked 
| 265|0x0000000090900000, 0x0000000090900000, 0x0000000090a00000|  0%| F|  |TAMS 0x0000000090900000, 0x0000000090900000| Untracked 
| 266|0x0000000090a00000, 0x0000000090a00000, 0x0000000090b00000|  0%| F|  |TAMS 0x0000000090a00000, 0x0000000090a00000| Untracked 
| 267|0x0000000090b00000, 0x0000000090b69b28, 0x0000000090c00000| 41%| E|  |TAMS 0x0000000090b00000, 0x0000000090b00000| Complete 
| 268|0x0000000090c00000, 0x0000000090d00000, 0x0000000090d00000|100%| E|CS|TAMS 0x0000000090c00000, 0x0000000090c00000| Complete 
| 269|0x0000000090d00000, 0x0000000090e00000, 0x0000000090e00000|100%| E|CS|TAMS 0x0000000090d00000, 0x0000000090d00000| Complete 
| 270|0x0000000090e00000, 0x0000000090f00000, 0x0000000090f00000|100%| E|CS|TAMS 0x0000000090e00000, 0x0000000090e00000| Complete 
| 271|0x0000000090f00000, 0x0000000091000000, 0x0000000091000000|100%| E|CS|TAMS 0x0000000090f00000, 0x0000000090f00000| Complete 
| 272|0x0000000091000000, 0x0000000091100000, 0x0000000091100000|100%| E|CS|TAMS 0x0000000091000000, 0x0000000091000000| Complete 
| 273|0x0000000091100000, 0x0000000091200000, 0x0000000091200000|100%| E|CS|TAMS 0x0000000091100000, 0x0000000091100000| Complete 
| 274|0x0000000091200000, 0x0000000091300000, 0x0000000091300000|100%| E|CS|TAMS 0x0000000091200000, 0x0000000091200000| Complete 

Card table byte_map: [0x0000023238070000,0x0000023238470000] _byte_map_base: 0x0000023237c70000

Marking Bits (Prev, Next): (CMBitMap*) 0x00000232210e66e0, (CMBitMap*) 0x00000232210e66a0
 Prev Bits: [0x000002323a870000, 0x000002323c870000)
 Next Bits: [0x0000023238870000, 0x000002323a870000)

Polling page: 0x000002321ef60000

Metaspace:

Usage:
  Non-class:    149.45 MB used.
      Class:     21.77 MB used.
       Both:    171.22 MB used.

Virtual space:
  Non-class space:      192.00 MB reserved,     150.06 MB ( 78%) committed,  3 nodes.
      Class space:        1.00 GB reserved,      22.31 MB (  2%) committed,  1 nodes.
             Both:        1.19 GB reserved,     172.38 MB ( 14%) committed. 

Chunk freelists:
   Non-Class:  9.92 MB
       Class:  9.72 MB
        Both:  19.65 MB

MaxMetaspaceSize: unlimited
CompressedClassSpaceSize: 1.00 GB
Initial GC threshold: 21.00 MB
Current GC threshold: 189.62 MB
CDS: on
MetaspaceReclaimPolicy: balanced
 - commit_granule_bytes: 65536.
 - commit_granule_words: 8192.
 - virtual_space_node_default_size: 8388608.
 - enlarge_chunks_in_place: 1.
 - new_chunks_are_fully_committed: 0.
 - uncommit_free_chunks: 1.
 - use_allocation_guard: 0.
 - handle_deallocations: 1.


Internal statistics:

num_allocs_failed_limit: 9.
num_arena_births: 1746.
num_arena_deaths: 0.
num_vsnodes_births: 4.
num_vsnodes_deaths: 0.
num_space_committed: 2754.
num_space_uncommitted: 0.
num_chunks_returned_to_freelist: 9.
num_chunks_taken_from_freelist: 8553.
num_chunk_merges: 9.
num_chunk_splits: 6146.
num_chunks_enlarged: 4590.
num_inconsistent_stats: 0.

CodeHeap 'non-profiled nmethods': size=120000Kb used=11920Kb max_used=12325Kb free=108079Kb
 bounds [0x0000023230410000, 0x0000023231040000, 0x0000023237940000]
CodeHeap 'profiled nmethods': size=120000Kb used=39341Kb max_used=40836Kb free=80658Kb
 bounds [0x0000023228940000, 0x000002322b140000, 0x000002322fe70000]
CodeHeap 'non-nmethods': size=5760Kb used=1969Kb max_used=2023Kb free=3790Kb
 bounds [0x000002322fe70000, 0x00000232300e0000, 0x0000023230410000]
 total_blobs=19976 nmethods=18880 adapters=1005
 compilation: enabled
              stopped_count=0, restarted_count=0
 full_count=0

Compilation events (20 events):
Event: 46.591 Thread 0x000002323f2869c0 22898   !   3       com.android.ide.common.resources.DataMerger::mergeData (611 bytes)
Event: 46.597 Thread 0x000002323f2869c0 nmethod 22898 0x000002322b137590 code [0x000002322b137dc0, 0x000002322b13d608]
Event: 46.597 Thread 0x000002323f2869c0 22899       3       com.google.common.collect.LinkedListMultimap$1::size (33 bytes)
Event: 46.597 Thread 0x000002323f2869c0 nmethod 22899 0x0000023228d66b10 code [0x0000023228d66cc0, 0x0000023228d67028]
Event: 46.600 Thread 0x000002323f2869c0 22900       3       com.google.common.collect.ArrayListMultimap::put (7 bytes)
Event: 46.601 Thread 0x000002323f2869c0 nmethod 22900 0x0000023229a6ae10 code [0x0000023229a6afc0, 0x0000023229a6b168]
Event: 46.601 Thread 0x000002323f2869c0 22901       3       com.google.common.collect.AbstractMapBasedMultimap::put (92 bytes)
Event: 46.601 Thread 0x000002323f2869c0 nmethod 22901 0x0000023228fc6390 code [0x0000023228fc65c0, 0x0000023228fc6ef8]
Event: 46.604 Thread 0x000002323f2869c0 22902   !   3       java.util.AbstractSequentialList::get (39 bytes)
Event: 46.604 Thread 0x000002323f2869c0 nmethod 22902 0x0000023228e7a390 code [0x0000023228e7a5e0, 0x0000023228e7add8]
Event: 46.605 Thread 0x000002323f2869c0 22903       3       com.android.ide.common.resources.ResourceMerger::filterAccept (36 bytes)
Event: 46.605 Thread 0x000002323f2869c0 nmethod 22903 0x0000023228ecf790 code [0x0000023228ecf960, 0x0000023228ecfce8]
Event: 46.605 Thread 0x000002323f2869c0 22904   !   3       com.android.ide.common.resources.MergedResourceWriter::addItem (199 bytes)
Event: 46.607 Thread 0x000002323f2869c0 nmethod 22904 0x000002322972f110 code [0x000002322972f560, 0x0000023229731c08]
Event: 46.660 Thread 0x000002323f2869c0 22910   !   2       com.android.ide.common.resources.MergedResourceWriter::addItem (199 bytes)
Event: 46.661 Thread 0x000002323f2869c0 nmethod 22910 0x0000023229087210 code [0x00000232290874c0, 0x0000023229087e38]
Event: 46.703 Thread 0x000002323f2869c0 22918       1       com.android.ide.common.resources.ResourceMergerItem::getLibraryName (5 bytes)
Event: 46.703 Thread 0x000002323f2869c0 nmethod 22918 0x0000023230c88190 code [0x0000023230c88320, 0x0000023230c883f8]
Event: 46.703 Thread 0x000002323f2869c0 22919       1       com.android.ide.common.resources.ResourceMergerItem::getNamespace (5 bytes)
Event: 46.703 Thread 0x000002323f2869c0 nmethod 22919 0x0000023230e33210 code [0x0000023230e333a0, 0x0000023230e33478]

GC Heap History (20 events):
Event: 43.903 GC heap before
{Heap before GC invocations=94 (full 0):
 garbage-first heap   total 281600K, used 240155K [0x0000000080000000, 0x0000000100000000)
  region size 1024K, 31 young (31744K), 4 survivors (4096K)
 Metaspace       used 172465K, committed 173568K, reserved 1245184K
  class space    used 21988K, committed 22528K, reserved 1048576K
}
Event: 43.906 GC heap after
{Heap after GC invocations=95 (full 0):
 garbage-first heap   total 281600K, used 214454K [0x0000000080000000, 0x0000000100000000)
  region size 1024K, 3 young (3072K), 3 survivors (3072K)
 Metaspace       used 172465K, committed 173568K, reserved 1245184K
  class space    used 21988K, committed 22528K, reserved 1048576K
}
Event: 44.160 GC heap before
{Heap before GC invocations=95 (full 0):
 garbage-first heap   total 281600K, used 242102K [0x0000000080000000, 0x0000000100000000)
  region size 1024K, 30 young (30720K), 3 survivors (3072K)
 Metaspace       used 172476K, committed 173632K, reserved 1245184K
  class space    used 21988K, committed 22528K, reserved 1048576K
}
Event: 44.163 GC heap after
{Heap after GC invocations=96 (full 0):
 garbage-first heap   total 281600K, used 215382K [0x0000000080000000, 0x0000000100000000)
  region size 1024K, 3 young (3072K), 3 survivors (3072K)
 Metaspace       used 172476K, committed 173632K, reserved 1245184K
  class space    used 21988K, committed 22528K, reserved 1048576K
}
Event: 44.445 GC heap before
{Heap before GC invocations=96 (full 0):
 garbage-first heap   total 281600K, used 240982K [0x0000000080000000, 0x0000000100000000)
  region size 1024K, 29 young (29696K), 3 survivors (3072K)
 Metaspace       used 173092K, committed 174208K, reserved 1245184K
  class space    used 22107K, committed 22656K, reserved 1048576K
}
Event: 44.448 GC heap after
{Heap after GC invocations=97 (full 0):
 garbage-first heap   total 281600K, used 217264K [0x0000000080000000, 0x0000000100000000)
  region size 1024K, 4 young (4096K), 4 survivors (4096K)
 Metaspace       used 173092K, committed 174208K, reserved 1245184K
  class space    used 22107K, committed 22656K, reserved 1048576K
}
Event: 44.694 GC heap before
{Heap before GC invocations=97 (full 0):
 garbage-first heap   total 281600K, used 240816K [0x0000000080000000, 0x0000000100000000)
  region size 1024K, 28 young (28672K), 4 survivors (4096K)
 Metaspace       used 173833K, committed 174912K, reserved 1245184K
  class space    used 22185K, committed 22720K, reserved 1048576K
}
Event: 44.698 GC heap after
{Heap after GC invocations=98 (full 0):
 garbage-first heap   total 281600K, used 217837K [0x0000000080000000, 0x0000000100000000)
  region size 1024K, 4 young (4096K), 4 survivors (4096K)
 Metaspace       used 173833K, committed 174912K, reserved 1245184K
  class space    used 22185K, committed 22720K, reserved 1048576K
}
Event: 45.358 GC heap before
{Heap before GC invocations=98 (full 0):
 garbage-first heap   total 281600K, used 241389K [0x0000000080000000, 0x0000000100000000)
  region size 1024K, 27 young (27648K), 4 survivors (4096K)
 Metaspace       used 174842K, committed 176000K, reserved 1245184K
  class space    used 22264K, committed 22784K, reserved 1048576K
}
Event: 45.362 GC heap after
{Heap after GC invocations=99 (full 0):
 garbage-first heap   total 281600K, used 221017K [0x0000000080000000, 0x0000000100000000)
  region size 1024K, 4 young (4096K), 4 survivors (4096K)
 Metaspace       used 174842K, committed 176000K, reserved 1245184K
  class space    used 22264K, committed 22784K, reserved 1048576K
}
Event: 45.883 GC heap before
{Heap before GC invocations=99 (full 0):
 garbage-first heap   total 281600K, used 241497K [0x0000000080000000, 0x0000000100000000)
  region size 1024K, 25 young (25600K), 4 survivors (4096K)
 Metaspace       used 174957K, committed 176064K, reserved 1245184K
  class space    used 22264K, committed 22784K, reserved 1048576K
}
Event: 45.888 GC heap after
{Heap after GC invocations=100 (full 0):
 garbage-first heap   total 281600K, used 225647K [0x0000000080000000, 0x0000000100000000)
  region size 1024K, 4 young (4096K), 4 survivors (4096K)
 Metaspace       used 174957K, committed 176064K, reserved 1245184K
  class space    used 22264K, committed 22784K, reserved 1048576K
}
Event: 46.154 GC heap before
{Heap before GC invocations=100 (full 0):
 garbage-first heap   total 281600K, used 251247K [0x0000000080000000, 0x0000000100000000)
  region size 1024K, 21 young (21504K), 4 survivors (4096K)
 Metaspace       used 175037K, committed 176128K, reserved 1245184K
  class space    used 22264K, committed 22784K, reserved 1048576K
}
Event: 46.160 GC heap after
{Heap after GC invocations=101 (full 0):
 garbage-first heap   total 281600K, used 235214K [0x0000000080000000, 0x0000000100000000)
  region size 1024K, 3 young (3072K), 3 survivors (3072K)
 Metaspace       used 175037K, committed 176128K, reserved 1245184K
  class space    used 22264K, committed 22784K, reserved 1048576K
}
Event: 46.240 GC heap before
{Heap before GC invocations=101 (full 0):
 garbage-first heap   total 281600K, used 245454K [0x0000000080000000, 0x0000000100000000)
  region size 1024K, 13 young (13312K), 3 survivors (3072K)
 Metaspace       used 175039K, committed 176128K, reserved 1245184K
  class space    used 22264K, committed 22784K, reserved 1048576K
}
Event: 46.245 GC heap after
{Heap after GC invocations=102 (full 0):
 garbage-first heap   total 281600K, used 243200K [0x0000000080000000, 0x0000000100000000)
  region size 1024K, 2 young (2048K), 2 survivors (2048K)
 Metaspace       used 175039K, committed 176128K, reserved 1245184K
  class space    used 22264K, committed 22784K, reserved 1048576K
}
Event: 46.388 GC heap before
{Heap before GC invocations=102 (full 0):
 garbage-first heap   total 281600K, used 254464K [0x0000000080000000, 0x0000000100000000)
  region size 1024K, 13 young (13312K), 2 survivors (2048K)
 Metaspace       used 175047K, committed 176128K, reserved 1245184K
  class space    used 22264K, committed 22784K, reserved 1048576K
}
Event: 46.392 GC heap after
{Heap after GC invocations=103 (full 0):
 garbage-first heap   total 281600K, used 248832K [0x0000000080000000, 0x0000000100000000)
  region size 1024K, 2 young (2048K), 2 survivors (2048K)
 Metaspace       used 175047K, committed 176128K, reserved 1245184K
  class space    used 22264K, committed 22784K, reserved 1048576K
}
Event: 46.531 GC heap before
{Heap before GC invocations=103 (full 0):
 garbage-first heap   total 281600K, used 259072K [0x0000000080000000, 0x0000000100000000)
  region size 1024K, 13 young (13312K), 2 survivors (2048K)
 Metaspace       used 175204K, committed 176384K, reserved 1245184K
  class space    used 22285K, committed 22848K, reserved 1048576K
}
Event: 46.535 GC heap after
{Heap after GC invocations=104 (full 0):
 garbage-first heap   total 281600K, used 252192K [0x0000000080000000, 0x0000000100000000)
  region size 1024K, 2 young (2048K), 2 survivors (2048K)
 Metaspace       used 175204K, committed 176384K, reserved 1245184K
  class space    used 22285K, committed 22848K, reserved 1048576K
}

Deoptimization events (20 events):
Event: 46.699 Thread 0x000002329811c440 Uncommon trap: trap_request=0xffffffc6 fr.pc=0x00000232306606b4 relative=0x0000000000000a34
Event: 46.699 Thread 0x000002329811c440 Uncommon trap: reason=bimorphic_or_optimized_type_check action=maybe_recompile pc=0x00000232306606b4 method=com.sun.org.apache.xerces.internal.dom.CoreDocumentImpl.isKidOK(Lorg/w3c/dom/Node;Lorg/w3c/dom/Node;)Z @ 39 c2
Event: 46.699 Thread 0x000002329811c440 DEOPT PACKING pc=0x00000232306606b4 sp=0x000000419fdfa250
Event: 46.699 Thread 0x000002329811c440 DEOPT UNPACKING pc=0x000002322fec23a3 sp=0x000000419fdfa178 mode 2
Event: 46.699 Thread 0x000002329811c440 Uncommon trap: trap_request=0xffffffc6 fr.pc=0x00000232306606b4 relative=0x0000000000000a34
Event: 46.699 Thread 0x000002329811c440 Uncommon trap: reason=bimorphic_or_optimized_type_check action=maybe_recompile pc=0x00000232306606b4 method=com.sun.org.apache.xerces.internal.dom.CoreDocumentImpl.isKidOK(Lorg/w3c/dom/Node;Lorg/w3c/dom/Node;)Z @ 39 c2
Event: 46.699 Thread 0x000002329811c440 DEOPT PACKING pc=0x00000232306606b4 sp=0x000000419fdfa250
Event: 46.699 Thread 0x000002329811c440 DEOPT UNPACKING pc=0x000002322fec23a3 sp=0x000000419fdfa178 mode 2
Event: 46.699 Thread 0x000002329811c440 Uncommon trap: trap_request=0xffffffc6 fr.pc=0x00000232306606b4 relative=0x0000000000000a34
Event: 46.699 Thread 0x000002329811c440 Uncommon trap: reason=bimorphic_or_optimized_type_check action=maybe_recompile pc=0x00000232306606b4 method=com.sun.org.apache.xerces.internal.dom.CoreDocumentImpl.isKidOK(Lorg/w3c/dom/Node;Lorg/w3c/dom/Node;)Z @ 39 c2
Event: 46.699 Thread 0x000002329811c440 DEOPT PACKING pc=0x00000232306606b4 sp=0x000000419fdfa250
Event: 46.699 Thread 0x000002329811c440 DEOPT UNPACKING pc=0x000002322fec23a3 sp=0x000000419fdfa178 mode 2
Event: 46.699 Thread 0x000002329811c440 Uncommon trap: trap_request=0xffffff45 fr.pc=0x00000232309ef968 relative=0x0000000000000548
Event: 46.699 Thread 0x000002329811c440 Uncommon trap: reason=unstable_if action=reinterpret pc=0x00000232309ef968 method=com.sun.org.apache.xerces.internal.dom.ParentNode.nodeListItem(I)Lorg/w3c/dom/Node; @ 87 c2
Event: 46.699 Thread 0x000002329811c440 DEOPT PACKING pc=0x00000232309ef968 sp=0x000000419fdfa2d0
Event: 46.699 Thread 0x000002329811c440 DEOPT UNPACKING pc=0x000002322fec23a3 sp=0x000000419fdfa218 mode 2
Event: 46.699 Thread 0x000002329811c440 Uncommon trap: trap_request=0xffffff3d fr.pc=0x000002323096465c relative=0x00000000000005bc
Event: 46.699 Thread 0x000002329811c440 Uncommon trap: reason=unstable_fused_if action=reinterpret pc=0x000002323096465c method=com.sun.org.apache.xerces.internal.dom.ParentNode.nodeListItem(I)Lorg/w3c/dom/Node; @ 136 c2
Event: 46.699 Thread 0x000002329811c440 DEOPT PACKING pc=0x000002323096465c sp=0x000000419fdfa270
Event: 46.699 Thread 0x000002329811c440 DEOPT UNPACKING pc=0x000002322fec23a3 sp=0x000000419fdfa228 mode 2

Classes unloaded (0 events):
No events

Classes redefined (0 events):
No events

Internal exceptions (20 events):
Event: 42.559 Thread 0x000002328621acd0 Exception <a 'java/lang/IncompatibleClassChangeError'{0x000000008e128f08}: Found class java.lang.Object, but interface was expected> (0x000000008e128f08) 
thrown [s\open\src\hotspot\share\interpreter\linkResolver.cpp, line 826]
Event: 42.634 Thread 0x000002328621acd0 Implicit null exception at 0x0000023230eaa255 to 0x0000023230eaaa24
Event: 42.634 Thread 0x000002328621acd0 Implicit null exception at 0x0000023230eae52e to 0x0000023230eaf698
Event: 42.668 Thread 0x000002328621acd0 Implicit null exception at 0x000002323058fb33 to 0x0000023230592bf4
Event: 42.805 Thread 0x000002328621acd0 Implicit null exception at 0x0000023230d54e44 to 0x0000023230d557cc
Event: 42.806 Thread 0x000002328621acd0 Implicit null exception at 0x0000023230d25cdb to 0x0000023230d25d6c
Event: 42.806 Thread 0x000002328621acd0 Implicit null exception at 0x0000023230d54e44 to 0x0000023230d557cc
Event: 42.806 Thread 0x000002328621acd0 Implicit null exception at 0x0000023230d54e44 to 0x0000023230d557cc
Event: 42.822 Thread 0x000002328621acd0 Exception <a 'sun/nio/fs/WindowsException'{0x00000000905c0b00}> (0x00000000905c0b00) 
thrown [s\open\src\hotspot\share\prims\jni.cpp, line 516]
Event: 42.843 Thread 0x000002329811a0d0 Exception <a 'java/lang/NoSuchMethodError'{0x000000009020a7b8}: 'void java.lang.invoke.DirectMethodHandle$Holder.invokeSpecial(java.lang.Object, java.lang.Object, java.lang.Object, java.lang.Object, int, java.lang.Object, java.lang.Object)'> (0x000000009020a7b8) 
thrown [s\open\src\hotspot\share\interpreter\linkResolver.cpp, line 759]
Event: 42.855 Thread 0x000002329811a0d0 Exception <a 'sun/nio/fs/WindowsException'{0x000000009025f1e0}> (0x000000009025f1e0) 
thrown [s\open\src\hotspot\share\prims\jni.cpp, line 516]
Event: 42.919 Thread 0x000002329811a0d0 Exception <a 'java/lang/NoSuchMethodError'{0x000000009006d7a0}: 'int java.lang.invoke.DirectMethodHandle$Holder.invokeSpecial(java.lang.Object, java.lang.Object, int)'> (0x000000009006d7a0) 
thrown [s\open\src\hotspot\share\interpreter\linkResolver.cpp, line 759]
Event: 43.448 Thread 0x000002329811dd90 Implicit null exception at 0x0000023230d54e44 to 0x0000023230d557cc
Event: 43.594 Thread 0x000002329811fbf0 Implicit null exception at 0x0000023230f32e40 to 0x0000023230f33684
Event: 44.322 Thread 0x000002329811a0d0 Exception <a 'java/lang/NoSuchMethodError'{0x000000008ffb6ec8}: 'int java.lang.invoke.DirectMethodHandle$Holder.invokeStaticInit(java.lang.Object, java.lang.Object, java.lang.Object, java.lang.Object, java.lang.Object)'> (0x000000008ffb6ec8) 
thrown [s\open\src\hotspot\share\interpreter\linkResolver.cpp, line 759]
Event: 44.410 Thread 0x000002329811c440 Exception <a 'sun/nio/fs/WindowsException'{0x000000008fa89f30}> (0x000000008fa89f30) 
thrown [s\open\src\hotspot\share\prims\jni.cpp, line 516]
Event: 44.410 Thread 0x000002329811c440 Exception <a 'sun/nio/fs/WindowsException'{0x000000008fa8ae58}> (0x000000008fa8ae58) 
thrown [s\open\src\hotspot\share\prims\jni.cpp, line 516]
Event: 44.410 Thread 0x000002329811c440 Exception <a 'sun/nio/fs/WindowsException'{0x000000008fa8aee8}> (0x000000008fa8aee8) 
thrown [s\open\src\hotspot\share\prims\jni.cpp, line 516]
Event: 44.410 Thread 0x000002329811c440 Exception <a 'sun/nio/fs/WindowsException'{0x000000008fa8b458}> (0x000000008fa8b458) 
thrown [s\open\src\hotspot\share\prims\jni.cpp, line 516]
Event: 44.410 Thread 0x000002329811c440 Exception <a 'sun/nio/fs/WindowsException'{0x000000008fa8e560}> (0x000000008fa8e560) 
thrown [s\open\src\hotspot\share\prims\jni.cpp, line 516]

VM Operations (20 events):
Event: 45.401 Executing VM operation: HandshakeAllThreads done
Event: 45.697 Executing VM operation: HandshakeAllThreads
Event: 45.697 Executing VM operation: HandshakeAllThreads done
Event: 45.754 Executing VM operation: HandshakeAllThreads
Event: 45.755 Executing VM operation: HandshakeAllThreads done
Event: 45.883 Executing VM operation: G1CollectForAllocation
Event: 45.888 Executing VM operation: G1CollectForAllocation done
Event: 46.154 Executing VM operation: G1CollectForAllocation
Event: 46.160 Executing VM operation: G1CollectForAllocation done
Event: 46.240 Executing VM operation: G1CollectForAllocation
Event: 46.245 Executing VM operation: G1CollectForAllocation done
Event: 46.388 Executing VM operation: G1CollectForAllocation
Event: 46.392 Executing VM operation: G1CollectForAllocation done
Event: 46.513 Executing VM operation: HandshakeAllThreads
Event: 46.514 Executing VM operation: HandshakeAllThreads done
Event: 46.531 Executing VM operation: G1CollectForAllocation
Event: 46.536 Executing VM operation: G1CollectForAllocation done
Event: 46.659 Executing VM operation: HandshakeAllThreads
Event: 46.659 Executing VM operation: HandshakeAllThreads done
Event: 46.733 Executing VM operation: G1Concurrent

Events (20 events):
Event: 45.793 Thread 0x000002323f2872d0 flushing nmethod 0x000002322afcc090
Event: 45.793 Thread 0x000002323f2872d0 flushing nmethod 0x000002322afd7a90
Event: 45.793 Thread 0x000002323f2872d0 flushing nmethod 0x000002322afd7e10
Event: 45.793 Thread 0x000002323f2872d0 flushing nmethod 0x000002322afe9c90
Event: 45.793 Thread 0x000002323f2872d0 flushing nmethod 0x000002322afff910
Event: 45.793 Thread 0x000002323f2872d0 flushing nmethod 0x000002322b011a10
Event: 45.793 Thread 0x000002323f2872d0 flushing nmethod 0x000002322b022190
Event: 45.794 Thread 0x000002323f2872d0 flushing nmethod 0x000002322b098490
Event: 46.471 loading class java/util/stream/Nodes$IntFixedNodeBuilder
Event: 46.471 loading class java/util/stream/Node$Builder$OfInt
Event: 46.472 loading class java/util/stream/Node$Builder$OfInt done
Event: 46.472 loading class java/util/stream/Nodes$IntArrayNode
Event: 46.472 loading class java/util/stream/Nodes$IntArrayNode done
Event: 46.472 loading class java/util/stream/Nodes$IntFixedNodeBuilder done
Event: 46.511 loading class java/io/FileReader
Event: 46.511 loading class java/io/FileReader done
Event: 46.516 loading class java/util/concurrent/ConcurrentLinkedDeque
Event: 46.517 loading class java/util/concurrent/ConcurrentLinkedDeque done
Event: 46.517 loading class java/util/concurrent/ConcurrentLinkedDeque$Node
Event: 46.517 loading class java/util/concurrent/ConcurrentLinkedDeque$Node done


Dynamic libraries:
0x00007ff7dad60000 - 0x00007ff7dad70000 	C:\Program Files\Java\jdk-17\bin\java.exe
0x00007ff8c8ca0000 - 0x00007ff8c8f08000 	C:\WINDOWS\SYSTEM32\ntdll.dll
0x00007ff8c7560000 - 0x00007ff8c7629000 	C:\WINDOWS\System32\KERNEL32.DLL
0x00007ff8c5fa0000 - 0x00007ff8c6392000 	C:\WINDOWS\System32\KERNELBASE.dll
0x00007ff8c63a0000 - 0x00007ff8c64eb000 	C:\WINDOWS\System32\ucrtbase.dll
0x00007ff8b8110000 - 0x00007ff8b8129000 	C:\Program Files\Java\jdk-17\bin\jli.dll
0x00007ff8b80f0000 - 0x00007ff8b810b000 	C:\Program Files\Java\jdk-17\bin\VCRUNTIME140.dll
0x00007ff8c6de0000 - 0x00007ff8c6e94000 	C:\WINDOWS\System32\ADVAPI32.dll
0x00007ff8c6cd0000 - 0x00007ff8c6d79000 	C:\WINDOWS\System32\msvcrt.dll
0x00007ff8c7a10000 - 0x00007ff8c7ab6000 	C:\WINDOWS\System32\sechost.dll
0x00007ff8c7f90000 - 0x00007ff8c80a8000 	C:\WINDOWS\System32\RPCRT4.dll
0x00007ff8c76b0000 - 0x00007ff8c7875000 	C:\WINDOWS\System32\USER32.dll
0x00007ff8afaa0000 - 0x00007ff8afd33000 	C:\WINDOWS\WinSxS\amd64_microsoft.windows.common-controls_6595b64144ccf1df_6.0.26100.6899_none_3e0efeeae32e88c1\COMCTL32.dll
0x00007ff8c66d0000 - 0x00007ff8c66f7000 	C:\WINDOWS\System32\win32u.dll
0x00007ff8c8200000 - 0x00007ff8c822b000 	C:\WINDOWS\System32\GDI32.dll
0x00007ff8c64f0000 - 0x00007ff8c661d000 	C:\WINDOWS\System32\gdi32full.dll
0x00007ff8c6620000 - 0x00007ff8c66c3000 	C:\WINDOWS\System32\msvcp_win.dll
0x00007ff8b9f50000 - 0x00007ff8b9f5b000 	C:\WINDOWS\SYSTEM32\VERSION.dll
0x00007ff8c6da0000 - 0x00007ff8c6dcf000 	C:\WINDOWS\System32\IMM32.DLL
0x00007ff8b8550000 - 0x00007ff8b855c000 	C:\Program Files\Java\jdk-17\bin\vcruntime140_1.dll
0x00007ff8b8060000 - 0x00007ff8b80ee000 	C:\Program Files\Java\jdk-17\bin\msvcp140.dll
0x00007ff851c20000 - 0x00007ff852800000 	C:\Program Files\Java\jdk-17\bin\server\jvm.dll
0x00007ff8c6ea0000 - 0x00007ff8c6ea8000 	C:\WINDOWS\System32\PSAPI.DLL
0x00007ff8ae330000 - 0x00007ff8ae33a000 	C:\WINDOWS\SYSTEM32\WSOCK32.dll
0x00007ff8ba9e0000 - 0x00007ff8baa15000 	C:\WINDOWS\SYSTEM32\WINMM.dll
0x00007ff8c7630000 - 0x00007ff8c76a4000 	C:\WINDOWS\System32\WS2_32.dll
0x00007ff8c4c00000 - 0x00007ff8c4c1b000 	C:\WINDOWS\SYSTEM32\kernel.appcore.dll
0x00007ff8b7bd0000 - 0x00007ff8b7bda000 	C:\Program Files\Java\jdk-17\bin\jimage.dll
0x00007ff8c27c0000 - 0x00007ff8c2a02000 	C:\WINDOWS\SYSTEM32\DBGHELP.DLL
0x00007ff8c7c00000 - 0x00007ff8c7f7b000 	C:\WINDOWS\System32\combase.dll
0x00007ff8c7ac0000 - 0x00007ff8c7b97000 	C:\WINDOWS\System32\OLEAUT32.dll
0x00007ff8adfb0000 - 0x00007ff8adfec000 	C:\WINDOWS\SYSTEM32\dbgcore.DLL
0x00007ff8c6700000 - 0x00007ff8c6798000 	C:\WINDOWS\System32\bcryptPrimitives.dll
0x00007ff8a98e0000 - 0x00007ff8a98ee000 	C:\Program Files\Java\jdk-17\bin\instrument.dll
0x00007ff8a4eb0000 - 0x00007ff8a4ed5000 	C:\Program Files\Java\jdk-17\bin\java.dll
0x00007ff8a4dd0000 - 0x00007ff8a4ea7000 	C:\Program Files\Java\jdk-17\bin\jsvml.dll
0x00007ff8c8510000 - 0x00007ff8c8c5d000 	C:\WINDOWS\System32\SHELL32.dll
0x00007ff8c5e30000 - 0x00007ff8c5f9b000 	C:\WINDOWS\System32\wintypes.dll
0x00007ff8c3a80000 - 0x00007ff8c42dd000 	C:\WINDOWS\SYSTEM32\windows.storage.dll
0x00007ff8c7910000 - 0x00007ff8c7a02000 	C:\WINDOWS\System32\SHCORE.dll
0x00007ff8c82c0000 - 0x00007ff8c8322000 	C:\WINDOWS\System32\shlwapi.dll
0x00007ff8c5d50000 - 0x00007ff8c5d79000 	C:\WINDOWS\SYSTEM32\profapi.dll
0x00007ff8a4d70000 - 0x00007ff8a4d88000 	C:\Program Files\Java\jdk-17\bin\zip.dll
0x00007ff8a4db0000 - 0x00007ff8a4dc9000 	C:\Program Files\Java\jdk-17\bin\net.dll
0x00007ff8b99a0000 - 0x00007ff8b9abf000 	C:\WINDOWS\SYSTEM32\WINHTTP.dll
0x00007ff8c5170000 - 0x00007ff8c51db000 	C:\WINDOWS\system32\mswsock.dll
0x00007ff8a4d90000 - 0x00007ff8a4da6000 	C:\Program Files\Java\jdk-17\bin\nio.dll
0x00007ff8b79f0000 - 0x00007ff8b7a00000 	C:\Program Files\Java\jdk-17\bin\verify.dll
0x00007ff896890000 - 0x00007ff8968b7000 	C:\Users\Oscar Vaquero Santos\.gradle\native\c067742578af261105cb4f569cf0c3c89f3d7b1fecec35dd04571415982c5e48\windows-amd64\native-platform.dll
0x00007ff857330000 - 0x00007ff857474000 	C:\Users\Oscar Vaquero Santos\.gradle\native\100fb08df4bc3b14c8652ba06237920a3bd2aa13389f12d3474272988ae205f9\windows-amd64\native-platform-file-events.dll
0x00007ff8b7980000 - 0x00007ff8b798a000 	C:\Program Files\Java\jdk-17\bin\management.dll
0x00007ff8b3d10000 - 0x00007ff8b3d1b000 	C:\Program Files\Java\jdk-17\bin\management_ext.dll
0x00007ff8c5420000 - 0x00007ff8c543b000 	C:\WINDOWS\SYSTEM32\CRYPTSP.dll
0x00007ff8c4b60000 - 0x00007ff8c4b9b000 	C:\WINDOWS\system32\rsaenh.dll
0x00007ff8c5210000 - 0x00007ff8c523b000 	C:\WINDOWS\SYSTEM32\USERENV.dll
0x00007ff8c5d20000 - 0x00007ff8c5d46000 	C:\WINDOWS\SYSTEM32\bcrypt.dll
0x00007ff8c5440000 - 0x00007ff8c544c000 	C:\WINDOWS\SYSTEM32\CRYPTBASE.dll
0x00007ff8c4650000 - 0x00007ff8c4684000 	C:\WINDOWS\SYSTEM32\IPHLPAPI.DLL
0x00007ff8c8170000 - 0x00007ff8c817a000 	C:\WINDOWS\System32\NSI.dll
0x00007ff8bee50000 - 0x00007ff8bee6e000 	C:\WINDOWS\SYSTEM32\dhcpcsvc6.DLL
0x00007ff8baf00000 - 0x00007ff8baf23000 	C:\WINDOWS\SYSTEM32\dhcpcsvc.DLL
0x00007ff8c46f0000 - 0x00007ff8c4816000 	C:\WINDOWS\SYSTEM32\DNSAPI.dll
0x00007ff8a7c60000 - 0x00007ff8a7c6e000 	C:\Program Files\Java\jdk-17\bin\sunmscapi.dll
0x00007ff8c68f0000 - 0x00007ff8c6a67000 	C:\WINDOWS\System32\CRYPT32.dll
0x00007ff8c5640000 - 0x00007ff8c5670000 	C:\WINDOWS\SYSTEM32\ncrypt.dll
0x00007ff8c55f0000 - 0x00007ff8c562f000 	C:\WINDOWS\SYSTEM32\NTASN1.dll
0x00007ff85eb40000 - 0x00007ff85eb48000 	C:\WINDOWS\system32\wshunix.dll
0x00007ff8b9b40000 - 0x00007ff8b9b4b000 	C:\Windows\System32\rasadhlp.dll
0x00007ff8bfae0000 - 0x00007ff8bfb66000 	C:\WINDOWS\System32\fwpuclnt.dll
0x00007ff8a9d50000 - 0x00007ff8a9d68000 	C:\WINDOWS\system32\napinsp.dll
0x00007ff8a9d10000 - 0x00007ff8a9d22000 	C:\WINDOWS\System32\winrnr.dll
0x00007ff8a9ce0000 - 0x00007ff8a9d08000 	C:\WINDOWS\system32\nlansp_c.dll
0x00007ff8a9d30000 - 0x00007ff8a9d46000 	C:\WINDOWS\system32\wshbth.dll

dbghelp: loaded successfully - version: 4.0.5 - missing functions: none
symbol engine: initialized successfully - sym options: 0x614 - pdb path: .;C:\Program Files\Java\jdk-17\bin;C:\WINDOWS\SYSTEM32;C:\WINDOWS\WinSxS\amd64_microsoft.windows.common-controls_6595b64144ccf1df_6.0.26100.6899_none_3e0efeeae32e88c1;C:\Program Files\Java\jdk-17\bin\server;C:\Users\Oscar Vaquero Santos\.gradle\native\c067742578af261105cb4f569cf0c3c89f3d7b1fecec35dd04571415982c5e48\windows-amd64;C:\Users\Oscar Vaquero Santos\.gradle\native\100fb08df4bc3b14c8652ba06237920a3bd2aa13389f12d3474272988ae205f9\windows-amd64

VM Arguments:
jvm_args: --add-opens=java.base/java.lang=ALL-UNNAMED --add-opens=java.base/java.lang.invoke=ALL-UNNAMED --add-opens=java.base/java.util=ALL-UNNAMED --add-opens=java.prefs/java.util.prefs=ALL-UNNAMED --add-exports=jdk.compiler/com.sun.tools.javac.api=ALL-UNNAMED --add-exports=jdk.compiler/com.sun.tools.javac.util=ALL-UNNAMED --add-opens=java.base/java.util=ALL-UNNAMED --add-opens=java.prefs/java.util.prefs=ALL-UNNAMED --add-opens=java.base/java.nio.charset=ALL-UNNAMED --add-opens=java.base/java.net=ALL-UNNAMED --add-opens=java.base/java.util.concurrent.atomic=ALL-UNNAMED --add-opens=java.xml/javax.xml.namespace=ALL-UNNAMED -Xmx2048m -Dfile.encoding=UTF-8 -Duser.country=MX -Duser.language=es -Duser.variant -javaagent:C:\Users\Oscar Vaquero Santos\.gradle\wrapper\dists\gradle-8.11.1-bin\bpt9gzteqjrbo1mjrsomdt32c\gradle-8.11.1\lib\agents\gradle-instrumentation-agent-8.11.1.jar 
java_command: org.gradle.launcher.daemon.bootstrap.GradleDaemon 8.11.1
java_class_path (initial): C:\Users\Oscar Vaquero Santos\.gradle\wrapper\dists\gradle-8.11.1-bin\bpt9gzteqjrbo1mjrsomdt32c\gradle-8.11.1\lib\gradle-daemon-main-8.11.1.jar
Launcher Type: SUN_STANDARD

[Global flags]
     intx CICompilerCount                          = 4                                         {product} {ergonomic}
     uint ConcGCThreads                            = 2                                         {product} {ergonomic}
     uint G1ConcRefinementThreads                  = 8                                         {product} {ergonomic}
   size_t G1HeapRegionSize                         = 1048576                                   {product} {ergonomic}
    uintx GCDrainStackTargetSize                   = 64                                        {product} {ergonomic}
   size_t InitialHeapSize                          = 98566144                                  {product} {ergonomic}
   size_t MarkStackSize                            = 4194304                                   {product} {ergonomic}
   size_t MaxHeapSize                              = 2147483648                                {product} {command line}
   size_t MaxNewSize                               = 1287651328                                {product} {ergonomic}
   size_t MinHeapDeltaBytes                        = 1048576                                   {product} {ergonomic}
   size_t MinHeapSize                              = 8388608                                   {product} {ergonomic}
    uintx NonNMethodCodeHeapSize                   = 5839372                                {pd product} {ergonomic}
    uintx NonProfiledCodeHeapSize                  = 122909434                              {pd product} {ergonomic}
    uintx ProfiledCodeHeapSize                     = 122909434                              {pd product} {ergonomic}
    uintx ReservedCodeCacheSize                    = 251658240                              {pd product} {ergonomic}
     bool SegmentedCodeCache                       = true                                      {product} {ergonomic}
   size_t SoftMaxHeapSize                          = 2147483648                             {manageable} {ergonomic}
     bool UseCompressedClassPointers               = true                           {product lp64_product} {ergonomic}
     bool UseCompressedOops                        = true                           {product lp64_product} {ergonomic}
     bool UseG1GC                                  = true                                      {product} {ergonomic}
     bool UseLargePagesIndividualAllocation        = false                                  {pd product} {ergonomic}

Logging:
Log output configuration:
 #0: stdout all=warning uptime,level,tags
 #1: stderr all=off uptime,level,tags

Environment Variables:
JAVA_HOME=C:\Program Files\Java\jdk-17
CLASSPATH=C:\Users\Oscar Vaquero Santos\AndroidStudioProjects\xolotl\\gradle\wrapper\gradle-wrapper.jar
PATH=C:\Python27\;C:\Python27\Scripts;C:\oraclexe\app\oracle\product\11.2.0\server\bin;C:\Program Files\Eclipse Adoptium\jdk-21.0.4.7-hotspot\bin;C:\Program Files\Common Files\Oracle\Java\javapath;C:\Program Files (x86)\Common Files\Oracle\Java\java8path;C:\Program Files (x86)\Common Files\Oracle\Java\javapath;C:\WINDOWS\system32;C:\WINDOWS;C:\WINDOWS\System32\Wbem;C:\WINDOWS\System32\WindowsPowerShell\v1.0\;C:\WINDOWS\System32\OpenSSH\;C:\Program Files\Git\cmd;C:\Program Files\MATLAB\R2024b\bin;C:\apache-maven-3.9.9\bin;C:\Program Files\nodejs\;C:\Users\Oscar Vaquero Santos\Downloads\jacorb-3.9-binary\jacorb-3.9\bin;C:\Program Files\Java\jdk1.8.0_202\bin;C:\Program Files\MySQL\MySQL Utilities 1.6\;C:\Program Files\Docker\Docker\resources\bin;C:\Users\Oscar Vaquero Santos\AppData\Local\Programs\Python\Python312\Scripts\;C:\Users\Oscar Vaquero Santos\AppData\Local\Programs\Python\Python312\;C:\Users\Oscar Vaquero Santos\AppData\Local\Microsoft\WindowsApps;C:\Users\Oscar Vaquero Santos\AppData\Local\Programs\Microsoft VS Code\bin;C:\Users\Oscar Vaquero Santos\AppData\Local\GitHubDesktop\bin;C:\Users\Oscar Vaquero Santos\AppData\Local\JetBrains\IntelliJ IDEA 2024.3\bin;;C:\Users\Oscar Vaquero Santos\AppData\Local\Microsoft\WinGet\Packages\Schniz.fnm_Microsoft.Winget.Source_8wekyb3d8bbwe;C:\apache-maven-3.9.9;C:\Users\Oscar Vaquero Santos\AppData\Roaming\npm;C:\Program Files\Java\jdk1.8.0_202;
USERNAME=Oscar Vaquero Santos
OS=Windows_NT
PROCESSOR_IDENTIFIER=AMD64 Family 23 Model 160 Stepping 0, AuthenticAMD



---------------  S Y S T E M  ---------------

OS:
 Windows 11 , 64 bit Build 26100 (10.0.26100.6725)
OS uptime: 0 days 1:55 hours
Hyper-V role detected

CPU: total 8 (initial active 8) (8 cores per cpu, 2 threads per core) family 23 model 160 stepping 0 microcode 0x8a00006, cx8, cmov, fxsr, ht, mmx, 3dnowpref, sse, sse2, sse3, ssse3, sse4a, sse4.1, sse4.2, popcnt, lzcnt, tsc, tscinvbit, avx, avx2, aes, clmul, bmi1, bmi2, adx, sha, fma, vzeroupper, clflush, clflushopt, hv

Memory: 4k page, system-wide physical 5965M (588M free)
TotalPageFile size 24397M (AvailPageFile size 127M)
current process WorkingSet (physical memory assigned to process): 615M, peak: 616M
current process commit charge ("private bytes"): 733M, peak: 869M

vm_info: Java HotSpot(TM) 64-Bit Server VM (17.0.12+8-LTS-286) for windows-amd64 JRE (17.0.12+8-LTS-286), built on Jun  5 2024 06:46:59 by "mach5one" with MS VC++ 17.6 (VS2022)

END.
